дек. 25, 2024 7:38:53 AM org.example.client.dashboardController initialize
INFO: Инициализация контроллера
дек. 25, 2024 7:38:53 AM org.example.client.dashboardController loadData
INFO: Запрос данных студентов
дек. 25, 2024 7:38:55 AM org.example.client.dashboardController studentShowListData
INFO: Инициализация таблицы
дек. 25, 2024 7:38:55 AM org.example.client.dashboardController updateBarChart
INFO: Обновление диаграммы посещаемости
дек. 25, 2024 7:38:55 AM org.example.client.dashboardController updateCounters
INFO: Обновление чисел для карточек с информацией
дек. 25, 2024 7:39:01 AM org.example.client.dashboardController switchForm
INFO: Переключение между окнами
дек. 25, 2024 7:39:08 AM org.example.client.dashboardController switchForm
INFO: Переключение между окнами
дек. 25, 2024 7:39:09 AM org.example.client.dashboardController switchForm
INFO: Переключение между окнами
дек. 25, 2024 7:39:11 AM org.example.client.dashboardController switchForm
INFO: Переключение между окнами
дек. 25, 2024 7:41:29 AM org.example.client.dashboardController initialize
INFO: Инициализация контроллера
дек. 25, 2024 7:41:29 AM org.example.client.dashboardController loadData
INFO: Запрос данных студентов
дек. 25, 2024 7:41:30 AM org.example.client.dashboardController studentShowListData
INFO: Инициализация таблицы
дек. 25, 2024 7:41:30 AM org.example.client.dashboardController updateBarChart
INFO: Обновление диаграммы посещаемости
дек. 25, 2024 7:41:30 AM org.example.client.dashboardController updateCounters
INFO: Обновление чисел для карточек с информацией
дек. 25, 2024 7:42:51 AM org.example.client.dashboardController initialize
INFO: Инициализация контроллера
дек. 25, 2024 7:42:51 AM org.example.client.dashboardController loadData
INFO: Запрос данных студентов
дек. 25, 2024 7:42:51 AM org.example.client.dashboardController studentShowListData
INFO: Инициализация таблицы
дек. 25, 2024 7:42:51 AM org.example.client.dashboardController updateBarChart
INFO: Обновление диаграммы посещаемости
дек. 25, 2024 7:42:51 AM org.example.client.dashboardController updateCounters
INFO: Обновление чисел для карточек с информацией
дек. 25, 2024 7:43:00 AM org.example.client.dashboardController switchForm
INFO: Переключение между окнами
дек. 25, 2024 7:43:01 AM org.example.client.dashboardController switchForm
INFO: Переключение между окнами
дек. 25, 2024 7:43:03 AM org.example.client.dashboardController switchForm
INFO: Переключение между окнами
дек. 25, 2024 7:43:10 AM org.example.client.dashboardController onFilterOne
INFO: Использование первого фильтра
дек. 25, 2024 7:43:10 AM org.example.client.dashboardController applyFilterAndSearch
INFO: Использование ф-ций фильтра и поиска
дек. 25, 2024 7:43:14 AM org.example.client.dashboardController onFilterOne
INFO: Использование первого фильтра
дек. 25, 2024 7:43:14 AM org.example.client.dashboardController applyFilterAndSearch
INFO: Использование ф-ций фильтра и поиска
дек. 25, 2024 7:43:16 AM org.example.client.dashboardController onFilterTwo
INFO: Использование второго фильтра
дек. 25, 2024 7:43:16 AM org.example.client.dashboardController applyFilterAndSearch
INFO: Использование ф-ций фильтра и поиска
дек. 25, 2024 7:43:17 AM org.example.client.dashboardController onFilterOne
INFO: Использование первого фильтра
дек. 25, 2024 7:43:17 AM org.example.client.dashboardController applyFilterAndSearch
INFO: Использование ф-ций фильтра и поиска
дек. 25, 2024 7:43:19 AM org.example.client.dashboardController onFilterTwo
INFO: Использование второго фильтра
дек. 25, 2024 7:43:19 AM org.example.client.dashboardController applyFilterAndSearch
INFO: Использование ф-ций фильтра и поиска
дек. 25, 2024 7:43:20 AM org.example.client.dashboardController onFilterTwo
INFO: Использование второго фильтра
дек. 25, 2024 7:43:20 AM org.example.client.dashboardController applyFilterAndSearch
INFO: Использование ф-ций фильтра и поиска
дек. 25, 2024 7:43:22 AM org.example.client.dashboardController onFilterTwo
INFO: Использование второго фильтра
дек. 25, 2024 7:43:22 AM org.example.client.dashboardController applyFilterAndSearch
INFO: Использование ф-ций фильтра и поиска
дек. 25, 2024 7:43:24 AM org.example.client.dashboardController onFilterTwo
INFO: Использование второго фильтра
дек. 25, 2024 7:43:24 AM org.example.client.dashboardController applyFilterAndSearch
INFO: Использование ф-ций фильтра и поиска
дек. 25, 2024 7:43:24 AM org.example.client.dashboardController onFilterOne
INFO: Использование первого фильтра
дек. 25, 2024 7:43:24 AM org.example.client.dashboardController applyFilterAndSearch
INFO: Использование ф-ций фильтра и поиска
дек. 25, 2024 7:43:26 AM org.example.client.dashboardController onTableClick
INFO: Выделение данных из таблицы
дек. 25, 2024 7:43:26 AM org.example.client.dashboardController onTableClick
INFO: Выделение данных из таблицы
дек. 25, 2024 7:43:29 AM org.example.client.dashboardController onClear
INFO: Сброс значений в полях ввода
дек. 25, 2024 8:06:56 AM org.example.client.dashboardController initialize
INFO: Инициализация контроллера
дек. 25, 2024 8:06:56 AM org.example.client.dashboardController loadData
INFO: Запрос данных студентов
дек. 25, 2024 8:06:57 AM org.example.client.dashboardController studentShowListData
INFO: Инициализация таблицы
дек. 25, 2024 8:06:57 AM org.example.client.dashboardController updateBarChart
INFO: Обновление диаграммы посещаемости
дек. 25, 2024 8:06:57 AM org.example.client.dashboardController updateCounters
INFO: Обновление чисел для карточек с информацией
дек. 25, 2024 8:07:13 AM org.example.client.dashboardController switchForm
INFO: Переключение между окнами
дек. 25, 2024 8:07:45 AM org.example.client.dashboardController onTableClick
INFO: Выделение данных из таблицы
дек. 25, 2024 8:07:46 AM org.example.client.dashboardController onTableClick
INFO: Выделение данных из таблицы
дек. 25, 2024 8:07:47 AM org.example.client.dashboardController onTableClick
INFO: Выделение данных из таблицы
дек. 25, 2024 8:08:01 AM org.example.client.dashboardController onTableClick
INFO: Выделение данных из таблицы
дек. 25, 2024 8:08:02 AM org.example.client.dashboardController onTableClick
INFO: Выделение данных из таблицы
дек. 25, 2024 8:08:15 AM org.example.client.dashboardController onUpdate
INFO: Попытка обновлении записи в таблице
дек. 25, 2024 8:08:15 AM org.example.client.dashboardController showAlert
INFO: Вызов Alert
дек. 25, 2024 8:08:17 AM org.example.client.dashboardController loadData
INFO: Запрос данных студентов
дек. 25, 2024 8:08:17 AM org.example.client.dashboardController updateCounters
INFO: Обновление чисел для карточек с информацией
дек. 25, 2024 8:08:17 AM org.example.client.dashboardController updateBarChart
INFO: Обновление диаграммы посещаемости
дек. 25, 2024 8:08:17 AM org.example.client.dashboardController onClear
INFO: Сброс значений в полях ввода
дек. 25, 2024 8:10:12 AM org.example.client.dashboardController onAdd
INFO: Попытка добавления новой записи
дек. 25, 2024 8:10:12 AM org.example.client.dashboardController showAlert
INFO: Вызов Alert
дек. 25, 2024 8:10:13 AM org.example.client.dashboardController loadData
INFO: Запрос данных студентов
дек. 25, 2024 8:10:13 AM org.example.client.dashboardController updateCounters
INFO: Обновление чисел для карточек с информацией
дек. 25, 2024 8:10:13 AM org.example.client.dashboardController updateBarChart
INFO: Обновление диаграммы посещаемости
дек. 25, 2024 8:10:13 AM org.example.client.dashboardController onClear
INFO: Сброс значений в полях ввода
дек. 25, 2024 8:10:13 AM org.example.client.dashboardController onAdd
INFO: Новая запись успешно добавлена: Биба Бобов
дек. 25, 2024 8:10:18 AM org.example.client.dashboardController onTableClick
INFO: Выделение данных из таблицы
дек. 25, 2024 8:10:28 AM org.example.client.dashboardController switchForm
INFO: Переключение между окнами
дек. 25, 2024 8:10:29 AM org.example.client.dashboardController switchForm
INFO: Переключение между окнами
дек. 25, 2024 8:10:32 AM org.example.client.dashboardController switchForm
INFO: Переключение между окнами
дек. 25, 2024 8:10:33 AM org.example.client.dashboardController switchForm
INFO: Переключение между окнами
дек. 25, 2024 8:10:35 AM org.example.client.dashboardController switchForm
INFO: Переключение между окнами
дек. 25, 2024 8:10:38 AM org.example.client.dashboardController onFilterTwo
INFO: Использование второго фильтра
дек. 25, 2024 8:10:38 AM org.example.client.dashboardController applyFilterAndSearch
INFO: Использование ф-ций фильтра и поиска
дек. 25, 2024 8:10:40 AM org.example.client.dashboardController onFilterThree
INFO: Использование третьего фильтра
дек. 25, 2024 8:10:40 AM org.example.client.dashboardController applyFilterAndSearch
INFO: Использование ф-ций фильтра и поиска
дек. 25, 2024 8:13:16 AM org.example.client.dashboardController initialize
INFO: Инициализация контроллера
дек. 25, 2024 8:13:16 AM org.example.client.dashboardController loadData
INFO: Запрос данных студентов
дек. 25, 2024 8:13:16 AM org.example.client.dashboardController studentShowListData
INFO: Инициализация таблицы
дек. 25, 2024 8:13:16 AM org.example.client.dashboardController updateBarChart
INFO: Обновление диаграммы посещаемости
дек. 25, 2024 8:13:16 AM org.example.client.dashboardController updateCounters
INFO: Обновление чисел для карточек с информацией
дек. 25, 2024 8:13:20 AM org.example.client.dashboardController switchForm
INFO: Переключение между окнами
дек. 25, 2024 8:13:37 AM org.example.client.dashboardController switchForm
INFO: Переключение между окнами
дек. 25, 2024 8:20:27 AM org.example.client.dashboardController initialize
INFO: Инициализация контроллера
дек. 25, 2024 8:20:27 AM org.example.client.dashboardController loadData
INFO: Запрос данных студентов
дек. 25, 2024 8:20:27 AM org.example.client.dashboardController studentShowListData
INFO: Инициализация таблицы
дек. 25, 2024 8:20:27 AM org.example.client.dashboardController updateBarChart
INFO: Обновление диаграммы посещаемости
дек. 25, 2024 8:20:27 AM org.example.client.dashboardController updateCounters
INFO: Обновление чисел для карточек с информацией
дек. 25, 2024 8:20:36 AM org.example.client.dashboardController switchForm
INFO: Переключение между окнами
дек. 25, 2024 8:20:40 AM org.example.client.dashboardController switchForm
INFO: Переключение между окнами
дек. 25, 2024 8:20:41 AM org.example.client.dashboardController switchForm
INFO: Переключение между окнами
дек. 25, 2024 8:20:55 AM org.example.client.dashboardController onFilterOne
INFO: Использование первого фильтра
дек. 25, 2024 8:20:55 AM org.example.client.dashboardController applyFilterAndSearch
INFO: Использование ф-ций фильтра и поиска
дек. 25, 2024 8:20:57 AM org.example.client.dashboardController onFilterTwo
INFO: Использование второго фильтра
дек. 25, 2024 8:20:57 AM org.example.client.dashboardController applyFilterAndSearch
INFO: Использование ф-ций фильтра и поиска
дек. 25, 2024 8:20:59 AM org.example.client.dashboardController onFilterThree
INFO: Использование третьего фильтра
дек. 25, 2024 8:20:59 AM org.example.client.dashboardController applyFilterAndSearch
INFO: Использование ф-ций фильтра и поиска
дек. 25, 2024 8:21:03 AM org.example.client.dashboardController onSearch
INFO: Использование строки поиска
дек. 25, 2024 8:21:03 AM org.example.client.dashboardController applyFilterAndSearch
INFO: Использование ф-ций фильтра и поиска
дек. 25, 2024 8:21:04 AM org.example.client.dashboardController onSearch
INFO: Использование строки поиска
дек. 25, 2024 8:21:04 AM org.example.client.dashboardController applyFilterAndSearch
INFO: Использование ф-ций фильтра и поиска
дек. 25, 2024 8:21:07 AM org.example.client.dashboardController switchForm
INFO: Переключение между окнами
дек. 25, 2024 8:21:08 AM org.example.client.dashboardController onExportExcel
INFO: Попытка экспорт данных в формате Excel
дек. 25, 2024 8:21:19 AM org.example.client.dashboardController showAlert
INFO: Вызов Alert
дек. 25, 2024 8:21:39 AM org.example.client.dashboardController switchForm
INFO: Переключение между окнами
дек. 25, 2024 8:21:42 AM org.example.client.dashboardController switchForm
INFO: Переключение между окнами
дек. 25, 2024 8:26:39 AM org.example.client.dashboardController switchForm
INFO: Переключение между окнами
дек. 25, 2024 8:26:41 AM org.example.client.dashboardController switchForm
INFO: Переключение между окнами
дек. 25, 2024 8:26:45 AM org.example.client.dashboardController switchForm
INFO: Переключение между окнами
дек. 25, 2024 8:26:46 AM org.example.client.dashboardController switchForm
INFO: Переключение между окнами
дек. 25, 2024 8:26:48 AM org.example.client.dashboardController switchForm
INFO: Переключение между окнами
дек. 25, 2024 8:30:11 AM org.example.client.dashboardController switchForm
INFO: Переключение между окнами
дек. 25, 2024 8:30:13 AM org.example.client.dashboardController switchForm
INFO: Переключение между окнами
дек. 25, 2024 8:30:17 AM org.example.client.dashboardController switchForm
INFO: Переключение между окнами
дек. 25, 2024 8:30:18 AM org.example.client.dashboardController switchForm
INFO: Переключение между окнами
дек. 25, 2024 8:30:20 AM org.example.client.dashboardController onFilterOne
INFO: Использование первого фильтра
дек. 25, 2024 8:30:20 AM org.example.client.dashboardController applyFilterAndSearch
INFO: Использование ф-ций фильтра и поиска
дек. 25, 2024 8:30:23 AM org.example.client.dashboardController onFilterTwo
INFO: Использование второго фильтра
дек. 25, 2024 8:30:23 AM org.example.client.dashboardController applyFilterAndSearch
INFO: Использование ф-ций фильтра и поиска
дек. 25, 2024 8:30:24 AM org.example.client.dashboardController onFilterThree
INFO: Использование третьего фильтра
дек. 25, 2024 8:30:24 AM org.example.client.dashboardController applyFilterAndSearch
INFO: Использование ф-ций фильтра и поиска
дек. 25, 2024 8:30:28 AM org.example.client.dashboardController onSearch
INFO: Использование строки поиска
дек. 25, 2024 8:30:28 AM org.example.client.dashboardController applyFilterAndSearch
INFO: Использование ф-ций фильтра и поиска
дек. 25, 2024 8:30:31 AM org.example.client.dashboardController onTableClick
INFO: Выделение данных из таблицы
дек. 25, 2024 8:30:31 AM org.example.client.dashboardController onTableClick
INFO: Выделение данных из таблицы
дек. 25, 2024 8:30:31 AM org.example.client.dashboardController onTableClick
INFO: Выделение данных из таблицы
дек. 25, 2024 8:30:36 AM org.example.client.dashboardController onUpdate
INFO: Попытка обновлении записи в таблице
дек. 25, 2024 8:30:36 AM org.example.client.dashboardController showAlert
INFO: Вызов Alert
дек. 25, 2024 8:30:37 AM org.example.client.dashboardController loadData
INFO: Запрос данных студентов
дек. 25, 2024 8:30:37 AM org.example.client.dashboardController updateCounters
INFO: Обновление чисел для карточек с информацией
дек. 25, 2024 8:30:37 AM org.example.client.dashboardController updateBarChart
INFO: Обновление диаграммы посещаемости
дек. 25, 2024 8:30:37 AM org.example.client.dashboardController onClear
INFO: Сброс значений в полях ввода
дек. 25, 2024 8:30:44 AM org.example.client.dashboardController switchForm
INFO: Переключение между окнами
дек. 25, 2024 8:30:53 AM org.example.client.dashboardController switchForm
INFO: Переключение между окнами
дек. 25, 2024 8:30:57 AM org.example.client.dashboardController switchForm
INFO: Переключение между окнами
дек. 25, 2024 8:30:58 AM org.example.client.dashboardController onExportExcel
INFO: Попытка экспорт данных в формате Excel
дек. 25, 2024 8:31:06 AM org.example.client.dashboardController showAlert
INFO: Вызов Alert
дек. 25, 2024 8:32:41 AM org.example.client.dashboardController switchForm
INFO: Переключение между окнами
дек. 25, 2024 8:32:42 AM org.example.client.dashboardController switchForm
INFO: Переключение между окнами
дек. 25, 2024 8:32:51 AM org.example.client.dashboardController switchForm
INFO: Переключение между окнами
дек. 25, 2024 8:32:53 AM org.example.client.dashboardController switchForm
INFO: Переключение между окнами
дек. 25, 2024 8:32:54 AM org.example.client.dashboardController switchForm
INFO: Переключение между окнами
дек. 25, 2024 8:32:55 AM org.example.client.dashboardController switchForm
INFO: Переключение между окнами
дек. 25, 2024 8:32:57 AM org.example.client.dashboardController switchForm
INFO: Переключение между окнами
дек. 25, 2024 8:32:59 AM org.example.client.dashboardController switchForm
INFO: Переключение между окнами
дек. 25, 2024 8:33:06 AM org.example.client.dashboardController switchForm
INFO: Переключение между окнами
дек. 30, 2024 4:50:46 PM org.example.client.dashboardController initialize
INFO: Инициализация контроллера
дек. 30, 2024 4:50:46 PM org.example.client.dashboardController loadData
INFO: Запрос данных студентов
дек. 30, 2024 4:50:47 PM org.example.client.dashboardController studentShowListData
INFO: Инициализация таблицы
дек. 30, 2024 4:50:47 PM org.example.client.dashboardController updateBarChart
INFO: Обновление диаграммы посещаемости
дек. 30, 2024 4:50:47 PM org.example.client.dashboardController updateCounters
INFO: Обновление чисел для карточек с информацией
дек. 30, 2024 4:51:08 PM org.example.client.dashboardController switchForm
INFO: Переключение между окнами
дек. 30, 2024 4:51:14 PM org.example.client.dashboardController onFilterOne
INFO: Использование первого фильтра
дек. 30, 2024 4:51:14 PM org.example.client.dashboardController applyFilterAndSearch
INFO: Использование ф-ций фильтра и поиска
дек. 30, 2024 4:51:17 PM org.example.client.dashboardController onFilterOne
INFO: Использование первого фильтра
дек. 30, 2024 4:51:17 PM org.example.client.dashboardController applyFilterAndSearch
INFO: Использование ф-ций фильтра и поиска
дек. 30, 2024 4:51:19 PM org.example.client.dashboardController onFilterOne
INFO: Использование первого фильтра
дек. 30, 2024 4:51:19 PM org.example.client.dashboardController applyFilterAndSearch
INFO: Использование ф-ций фильтра и поиска
дек. 30, 2024 4:51:21 PM org.example.client.dashboardController onFilterOne
INFO: Использование первого фильтра
дек. 30, 2024 4:51:21 PM org.example.client.dashboardController applyFilterAndSearch
INFO: Использование ф-ций фильтра и поиска
дек. 30, 2024 4:51:25 PM org.example.client.dashboardController onFilterTwo
INFO: Использование второго фильтра
дек. 30, 2024 4:51:25 PM org.example.client.dashboardController applyFilterAndSearch
INFO: Использование ф-ций фильтра и поиска
дек. 30, 2024 4:51:28 PM org.example.client.dashboardController onFilterTwo
INFO: Использование второго фильтра
дек. 30, 2024 4:51:28 PM org.example.client.dashboardController applyFilterAndSearch
INFO: Использование ф-ций фильтра и поиска
дек. 30, 2024 4:51:30 PM org.example.client.dashboardController onFilterTwo
INFO: Использование второго фильтра
дек. 30, 2024 4:51:30 PM org.example.client.dashboardController applyFilterAndSearch
INFO: Использование ф-ций фильтра и поиска
дек. 30, 2024 4:51:32 PM org.example.client.dashboardController onFilterTwo
INFO: Использование второго фильтра
дек. 30, 2024 4:51:32 PM org.example.client.dashboardController applyFilterAndSearch
INFO: Использование ф-ций фильтра и поиска
дек. 30, 2024 4:51:34 PM org.example.client.dashboardController onFilterThree
INFO: Использование третьего фильтра
дек. 30, 2024 4:51:34 PM org.example.client.dashboardController applyFilterAndSearch
INFO: Использование ф-ций фильтра и поиска
дек. 30, 2024 4:51:36 PM org.example.client.dashboardController onTableClick
INFO: Выделение данных из таблицы
дек. 30, 2024 4:51:37 PM org.example.client.dashboardController onFilterThree
INFO: Использование третьего фильтра
дек. 30, 2024 4:51:37 PM org.example.client.dashboardController applyFilterAndSearch
INFO: Использование ф-ций фильтра и поиска
дек. 30, 2024 4:51:39 PM org.example.client.dashboardController onTableClick
INFO: Выделение данных из таблицы
дек. 30, 2024 4:52:41 PM org.example.client.dashboardController onTableClick
INFO: Выделение данных из таблицы
дек. 30, 2024 4:52:41 PM org.example.client.dashboardController onTableClick
INFO: Выделение данных из таблицы
дек. 30, 2024 4:52:42 PM org.example.client.dashboardController onTableClick
INFO: Выделение данных из таблицы
дек. 30, 2024 5:17:46 PM org.example.client.dashboardController initialize
INFO: Инициализация контроллера
дек. 30, 2024 5:17:46 PM org.example.client.dashboardController loadData
INFO: Запрос данных студентов
дек. 30, 2024 5:17:47 PM org.example.client.dashboardController studentShowListData
INFO: Инициализация таблицы
дек. 30, 2024 5:17:47 PM org.example.client.dashboardController updateBarChart
INFO: Обновление диаграммы посещаемости
дек. 30, 2024 5:17:47 PM org.example.client.dashboardController updateCounters
INFO: Обновление чисел для карточек с информацией
дек. 30, 2024 5:17:51 PM org.example.client.dashboardController switchForm
INFO: Переключение между окнами
дек. 30, 2024 5:18:31 PM org.example.client.dashboardController initialize
INFO: Инициализация контроллера
дек. 30, 2024 5:18:31 PM org.example.client.dashboardController loadData
INFO: Запрос данных студентов
дек. 30, 2024 5:18:32 PM org.example.client.dashboardController studentShowListData
INFO: Инициализация таблицы
дек. 30, 2024 5:18:32 PM org.example.client.dashboardController updateBarChart
INFO: Обновление диаграммы посещаемости
дек. 30, 2024 5:18:32 PM org.example.client.dashboardController updateCounters
INFO: Обновление чисел для карточек с информацией
дек. 30, 2024 5:18:34 PM org.example.client.dashboardController switchForm
INFO: Переключение между окнами
дек. 30, 2024 5:18:43 PM org.example.client.dashboardController onTableClick
INFO: Выделение данных из таблицы
дек. 30, 2024 5:18:47 PM org.example.client.dashboardController onTableClick
INFO: Выделение данных из таблицы
дек. 30, 2024 5:18:47 PM org.example.client.dashboardController onTableClick
INFO: Выделение данных из таблицы
дек. 30, 2024 5:18:54 PM org.example.client.dashboardController onUpdate
INFO: Попытка обновлении записи в таблице
дек. 30, 2024 5:18:54 PM org.example.client.dashboardController showAlert
INFO: Вызов Alert
дек. 30, 2024 5:18:55 PM org.example.client.dashboardController loadData
INFO: Запрос данных студентов
дек. 30, 2024 5:18:55 PM org.example.client.dashboardController updateCounters
INFO: Обновление чисел для карточек с информацией
дек. 30, 2024 5:18:55 PM org.example.client.dashboardController updateBarChart
INFO: Обновление диаграммы посещаемости
дек. 30, 2024 5:18:55 PM org.example.client.dashboardController onClear
INFO: Сброс значений в полях ввода
дек. 30, 2024 5:19:05 PM org.example.client.dashboardController onTableClick
INFO: Выделение данных из таблицы
дек. 30, 2024 5:19:12 PM org.example.client.dashboardController initialize
INFO: Инициализация контроллера
дек. 30, 2024 5:19:12 PM org.example.client.dashboardController loadData
INFO: Запрос данных студентов
дек. 30, 2024 5:19:12 PM org.example.client.dashboardController studentShowListData
INFO: Инициализация таблицы
дек. 30, 2024 5:19:12 PM org.example.client.dashboardController updateBarChart
INFO: Обновление диаграммы посещаемости
дек. 30, 2024 5:19:12 PM org.example.client.dashboardController updateCounters
INFO: Обновление чисел для карточек с информацией
дек. 30, 2024 5:19:17 PM org.example.client.dashboardController switchForm
INFO: Переключение между окнами
дек. 30, 2024 5:21:30 PM org.example.client.dashboardController initialize
INFO: Инициализация контроллера
дек. 30, 2024 5:21:30 PM org.example.client.dashboardController loadData
INFO: Запрос данных студентов
дек. 30, 2024 5:21:30 PM org.example.client.dashboardController studentShowListData
INFO: Инициализация таблицы
дек. 30, 2024 5:21:30 PM org.example.client.dashboardController updateBarChart
INFO: Обновление диаграммы посещаемости
дек. 30, 2024 5:21:30 PM org.example.client.dashboardController updateCounters
INFO: Обновление чисел для карточек с информацией
дек. 30, 2024 5:21:34 PM org.example.client.dashboardController switchForm
INFO: Переключение между окнами
дек. 30, 2024 5:27:54 PM org.example.client.dashboardController initialize
INFO: Инициализация контроллера
дек. 30, 2024 5:27:54 PM org.example.client.dashboardController loadData
INFO: Запрос данных студентов
дек. 30, 2024 5:27:54 PM org.example.client.dashboardController studentShowListData
INFO: Инициализация таблицы
дек. 30, 2024 5:27:54 PM org.example.client.dashboardController updateBarChart
INFO: Обновление диаграммы посещаемости
дек. 30, 2024 5:27:54 PM org.example.client.dashboardController updateCounters
INFO: Обновление чисел для карточек с информацией
дек. 30, 2024 5:27:55 PM org.example.client.dashboardController onFilterTwo
INFO: Использование второго фильтра
дек. 30, 2024 5:27:55 PM org.example.client.dashboardController applyFilterAndSearch
INFO: Использование ф-ций фильтра и поиска
дек. 30, 2024 5:27:57 PM org.example.client.dashboardController switchForm
INFO: Переключение между окнами
дек. 30, 2024 5:28:01 PM org.example.client.dashboardController onTableClick
INFO: Выделение данных из таблицы
дек. 30, 2024 5:28:01 PM org.example.client.dashboardController onTableClick
INFO: Выделение данных из таблицы
дек. 30, 2024 5:28:08 PM org.example.client.dashboardController onUpdate
INFO: Попытка обновлении записи в таблице
дек. 30, 2024 5:28:08 PM org.example.client.dashboardController showAlert
INFO: Вызов Alert
дек. 30, 2024 5:28:09 PM org.example.client.dashboardController loadData
INFO: Запрос данных студентов
дек. 30, 2024 5:28:09 PM org.example.client.dashboardController updateCounters
INFO: Обновление чисел для карточек с информацией
дек. 30, 2024 5:28:09 PM org.example.client.dashboardController updateBarChart
INFO: Обновление диаграммы посещаемости
дек. 30, 2024 5:28:09 PM org.example.client.dashboardController onClear
INFO: Сброс значений в полях ввода
дек. 30, 2024 5:28:14 PM org.example.client.dashboardController onFilterTwo
INFO: Использование второго фильтра
дек. 30, 2024 5:28:14 PM org.example.client.dashboardController applyFilterAndSearch
INFO: Использование ф-ций фильтра и поиска
дек. 30, 2024 5:28:16 PM org.example.client.dashboardController onFilterTwo
INFO: Использование второго фильтра
дек. 30, 2024 5:28:16 PM org.example.client.dashboardController applyFilterAndSearch
INFO: Использование ф-ций фильтра и поиска
дек. 30, 2024 5:28:17 PM org.example.client.dashboardController onFilterTwo
INFO: Использование второго фильтра
дек. 30, 2024 5:28:17 PM org.example.client.dashboardController applyFilterAndSearch
INFO: Использование ф-ций фильтра и поиска
дек. 30, 2024 5:28:19 PM org.example.client.dashboardController onFilterTwo
INFO: Использование второго фильтра
дек. 30, 2024 5:28:19 PM org.example.client.dashboardController applyFilterAndSearch
INFO: Использование ф-ций фильтра и поиска
дек. 30, 2024 5:28:20 PM org.example.client.dashboardController onFilterTwo
INFO: Использование второго фильтра
дек. 30, 2024 5:28:20 PM org.example.client.dashboardController applyFilterAndSearch
INFO: Использование ф-ций фильтра и поиска
дек. 30, 2024 5:28:21 PM org.example.client.dashboardController onFilterTwo
INFO: Использование второго фильтра
дек. 30, 2024 5:28:21 PM org.example.client.dashboardController applyFilterAndSearch
INFO: Использование ф-ций фильтра и поиска
дек. 30, 2024 5:28:22 PM org.example.client.dashboardController onFilterTwo
INFO: Использование второго фильтра
дек. 30, 2024 5:28:22 PM org.example.client.dashboardController applyFilterAndSearch
INFO: Использование ф-ций фильтра и поиска
дек. 30, 2024 5:31:04 PM org.example.client.dashboardController switchForm
INFO: Переключение между окнами
дек. 30, 2024 5:31:05 PM org.example.client.dashboardController switchForm
INFO: Переключение между окнами
дек. 30, 2024 5:31:06 PM org.example.client.dashboardController onFilterTwo
INFO: Использование второго фильтра
дек. 30, 2024 5:31:06 PM org.example.client.dashboardController applyFilterAndSearch
INFO: Использование ф-ций фильтра и поиска
дек. 30, 2024 5:31:11 PM org.example.client.dashboardController onTableClick
INFO: Выделение данных из таблицы
дек. 30, 2024 5:31:11 PM org.example.client.dashboardController onTableClick
INFO: Выделение данных из таблицы
дек. 30, 2024 5:31:21 PM org.example.client.dashboardController onUpdate
INFO: Попытка обновлении записи в таблице
дек. 30, 2024 5:31:21 PM org.example.client.dashboardController showAlert
INFO: Вызов Alert
дек. 30, 2024 5:31:22 PM org.example.client.dashboardController loadData
INFO: Запрос данных студентов
дек. 30, 2024 5:31:22 PM org.example.client.dashboardController updateCounters
INFO: Обновление чисел для карточек с информацией
дек. 30, 2024 5:31:22 PM org.example.client.dashboardController updateBarChart
INFO: Обновление диаграммы посещаемости
дек. 30, 2024 5:31:22 PM org.example.client.dashboardController onClear
INFO: Сброс значений в полях ввода
дек. 30, 2024 5:31:23 PM org.example.client.dashboardController onTableClick
INFO: Выделение данных из таблицы
дек. 30, 2024 5:31:23 PM org.example.client.dashboardController onTableClick
INFO: Выделение данных из таблицы
дек. 30, 2024 5:31:27 PM org.example.client.dashboardController onUpdate
INFO: Попытка обновлении записи в таблице
дек. 30, 2024 5:31:27 PM org.example.client.dashboardController showAlert
INFO: Вызов Alert
дек. 30, 2024 5:31:27 PM org.example.client.dashboardController loadData
INFO: Запрос данных студентов
дек. 30, 2024 5:31:27 PM org.example.client.dashboardController updateCounters
INFO: Обновление чисел для карточек с информацией
дек. 30, 2024 5:31:27 PM org.example.client.dashboardController updateBarChart
INFO: Обновление диаграммы посещаемости
дек. 30, 2024 5:31:27 PM org.example.client.dashboardController onClear
INFO: Сброс значений в полях ввода
дек. 30, 2024 5:31:28 PM org.example.client.dashboardController onTableClick
INFO: Выделение данных из таблицы
дек. 30, 2024 5:31:28 PM org.example.client.dashboardController onTableClick
INFO: Выделение данных из таблицы
дек. 30, 2024 5:31:33 PM org.example.client.dashboardController onAdd
INFO: Попытка добавления новой записи
дек. 30, 2024 5:31:33 PM org.example.client.dashboardController showAlert
INFO: Вызов Alert
дек. 30, 2024 5:31:34 PM org.example.client.dashboardController loadData
INFO: Запрос данных студентов
дек. 30, 2024 5:31:34 PM org.example.client.dashboardController updateCounters
INFO: Обновление чисел для карточек с информацией
дек. 30, 2024 5:31:34 PM org.example.client.dashboardController updateBarChart
INFO: Обновление диаграммы посещаемости
дек. 30, 2024 5:31:34 PM org.example.client.dashboardController onClear
INFO: Сброс значений в полях ввода
дек. 30, 2024 5:31:34 PM org.example.client.dashboardController onAdd
INFO: Новая запись успешно добавлена: Поп Козлов
дек. 30, 2024 5:31:36 PM org.example.client.dashboardController switchForm
INFO: Переключение между окнами
дек. 30, 2024 5:34:11 PM org.example.client.dashboardController initialize
INFO: Инициализация контроллера
дек. 30, 2024 5:34:11 PM org.example.client.dashboardController loadData
INFO: Запрос данных студентов
дек. 30, 2024 5:34:11 PM org.example.client.dashboardController studentShowListData
INFO: Инициализация таблицы
дек. 30, 2024 5:34:11 PM org.example.client.dashboardController updateBarChart
INFO: Обновление диаграммы посещаемости
дек. 30, 2024 5:34:11 PM org.example.client.dashboardController updateCounters
INFO: Обновление чисел для карточек с информацией
дек. 30, 2024 5:34:13 PM org.example.client.dashboardController onFilterTwo
INFO: Использование второго фильтра
дек. 30, 2024 5:34:13 PM org.example.client.dashboardController applyFilterAndSearch
INFO: Использование ф-ций фильтра и поиска
дек. 30, 2024 5:34:15 PM org.example.client.dashboardController switchForm
INFO: Переключение между окнами
дек. 30, 2024 5:34:20 PM org.example.client.dashboardController onTableClick
INFO: Выделение данных из таблицы
дек. 30, 2024 5:34:20 PM org.example.client.dashboardController onTableClick
INFO: Выделение данных из таблицы
дек. 30, 2024 5:34:26 PM org.example.client.dashboardController onUpdate
INFO: Попытка обновлении записи в таблице
дек. 30, 2024 5:34:26 PM org.example.client.dashboardController showAlert
INFO: Вызов Alert
дек. 30, 2024 5:34:27 PM org.example.client.dashboardController loadData
INFO: Запрос данных студентов
дек. 30, 2024 5:34:27 PM org.example.client.dashboardController updateCounters
INFO: Обновление чисел для карточек с информацией
дек. 30, 2024 5:34:27 PM org.example.client.dashboardController updateBarChart
INFO: Обновление диаграммы посещаемости
дек. 30, 2024 5:34:27 PM org.example.client.dashboardController onClear
INFO: Сброс значений в полях ввода
дек. 30, 2024 5:34:27 PM org.example.client.dashboardController onFilterTwo
INFO: Использование второго фильтра
дек. 30, 2024 5:34:27 PM org.example.client.dashboardController applyFilterAndSearch
INFO: Использование ф-ций фильтра и поиска
дек. 30, 2024 5:34:27 PM org.example.client.dashboardController onFilterTwo
INFO: Использование второго фильтра
дек. 30, 2024 5:34:27 PM org.example.client.dashboardController applyFilterAndSearch
INFO: Использование ф-ций фильтра и поиска
дек. 30, 2024 5:38:07 PM org.example.client.dashboardController initialize
INFO: Инициализация контроллера
дек. 30, 2024 5:38:07 PM org.example.client.dashboardController loadData
INFO: Запрос данных студентов
дек. 30, 2024 5:38:07 PM org.example.client.dashboardController studentShowListData
INFO: Инициализация таблицы
дек. 30, 2024 5:38:07 PM org.example.client.dashboardController updateBarChart
INFO: Обновление диаграммы посещаемости
дек. 30, 2024 5:38:07 PM org.example.client.dashboardController updateCounters
INFO: Обновление чисел для карточек с информацией
дек. 30, 2024 5:38:10 PM org.example.client.dashboardController switchForm
INFO: Переключение между окнами
дек. 30, 2024 5:38:11 PM org.example.client.dashboardController switchForm
INFO: Переключение между окнами
дек. 30, 2024 5:38:16 PM org.example.client.dashboardController onFilterTwo
INFO: Использование второго фильтра
дек. 30, 2024 5:38:16 PM org.example.client.dashboardController applyFilterAndSearch
INFO: Использование ф-ций фильтра и поиска
дек. 30, 2024 5:38:18 PM org.example.client.dashboardController onFilterTwo
INFO: Использование второго фильтра
дек. 30, 2024 5:38:18 PM org.example.client.dashboardController applyFilterAndSearch
INFO: Использование ф-ций фильтра и поиска
дек. 30, 2024 5:38:19 PM org.example.client.dashboardController onTableClick
INFO: Выделение данных из таблицы
дек. 30, 2024 5:38:19 PM org.example.client.dashboardController onTableClick
INFO: Выделение данных из таблицы
дек. 30, 2024 5:38:26 PM org.example.client.dashboardController onUpdate
INFO: Попытка обновлении записи в таблице
дек. 30, 2024 5:38:26 PM org.example.client.dashboardController showAlert
INFO: Вызов Alert
дек. 30, 2024 5:38:27 PM org.example.client.dashboardController loadData
INFO: Запрос данных студентов
дек. 30, 2024 5:38:27 PM org.example.client.dashboardController updateCounters
INFO: Обновление чисел для карточек с информацией
дек. 30, 2024 5:38:27 PM org.example.client.dashboardController updateBarChart
INFO: Обновление диаграммы посещаемости
дек. 30, 2024 5:38:27 PM org.example.client.dashboardController onFilterTwo
INFO: Использование второго фильтра
дек. 30, 2024 5:38:27 PM org.example.client.dashboardController applyFilterAndSearch
INFO: Использование ф-ций фильтра и поиска
дек. 30, 2024 5:38:27 PM org.example.client.dashboardController onFilterTwo
INFO: Использование второго фильтра
дек. 30, 2024 5:38:27 PM org.example.client.dashboardController applyFilterAndSearch
INFO: Использование ф-ций фильтра и поиска
дек. 30, 2024 5:38:27 PM org.example.client.dashboardController onClear
INFO: Сброс значений в полях ввода
дек. 30, 2024 5:38:33 PM org.example.client.dashboardController onTableClick
INFO: Выделение данных из таблицы
дек. 30, 2024 5:39:41 PM org.example.client.dashboardController switchForm
INFO: Переключение между окнами
дек. 30, 2024 5:39:42 PM org.example.client.dashboardController switchForm
INFO: Переключение между окнами
дек. 30, 2024 5:39:44 PM org.example.client.dashboardController onFilterTwo
INFO: Использование второго фильтра
дек. 30, 2024 5:39:44 PM org.example.client.dashboardController applyFilterAndSearch
INFO: Использование ф-ций фильтра и поиска
дек. 30, 2024 5:39:45 PM org.example.client.dashboardController onFilterTwo
INFO: Использование второго фильтра
дек. 30, 2024 5:39:45 PM org.example.client.dashboardController applyFilterAndSearch
INFO: Использование ф-ций фильтра и поиска
дек. 30, 2024 5:39:45 PM org.example.client.dashboardController onFilterTwo
INFO: Использование второго фильтра
дек. 30, 2024 5:39:45 PM org.example.client.dashboardController applyFilterAndSearch
INFO: Использование ф-ций фильтра и поиска
дек. 30, 2024 5:41:55 PM org.example.client.dashboardController initialize
INFO: Инициализация контроллера
дек. 30, 2024 5:41:55 PM org.example.client.dashboardController loadData
INFO: Запрос данных студентов
дек. 30, 2024 5:41:56 PM org.example.client.dashboardController studentShowListData
INFO: Инициализация таблицы
дек. 30, 2024 5:41:56 PM org.example.client.dashboardController updateBarChart
INFO: Обновление диаграммы посещаемости
дек. 30, 2024 5:41:56 PM org.example.client.dashboardController updateCounters
INFO: Обновление чисел для карточек с информацией
дек. 30, 2024 5:41:59 PM org.example.client.dashboardController switchForm
INFO: Переключение между окнами
дек. 30, 2024 5:42:04 PM org.example.client.dashboardController onTableClick
INFO: Выделение данных из таблицы
дек. 30, 2024 5:42:04 PM org.example.client.dashboardController onTableClick
INFO: Выделение данных из таблицы
дек. 30, 2024 5:42:04 PM org.example.client.dashboardController onTableClick
INFO: Выделение данных из таблицы
дек. 30, 2024 5:42:06 PM org.example.client.dashboardController onTableClick
INFO: Выделение данных из таблицы
дек. 30, 2024 5:42:06 PM org.example.client.dashboardController onTableClick
INFO: Выделение данных из таблицы
дек. 30, 2024 5:42:59 PM org.example.client.dashboardController initialize
INFO: Инициализация контроллера
дек. 30, 2024 5:42:59 PM org.example.client.dashboardController loadData
INFO: Запрос данных студентов
дек. 30, 2024 5:42:59 PM org.example.client.dashboardController studentShowListData
INFO: Инициализация таблицы
дек. 30, 2024 5:42:59 PM org.example.client.dashboardController updateBarChart
INFO: Обновление диаграммы посещаемости
дек. 30, 2024 5:42:59 PM org.example.client.dashboardController updateCounters
INFO: Обновление чисел для карточек с информацией
дек. 30, 2024 5:43:02 PM org.example.client.dashboardController switchForm
INFO: Переключение между окнами
дек. 30, 2024 5:43:03 PM org.example.client.dashboardController switchForm
INFO: Переключение между окнами
дек. 30, 2024 5:43:04 PM org.example.client.dashboardController switchForm
INFO: Переключение между окнами
дек. 30, 2024 5:43:04 PM org.example.client.dashboardController switchForm
INFO: Переключение между окнами
дек. 30, 2024 5:43:08 PM org.example.client.dashboardController onFilterOne
INFO: Использование первого фильтра
дек. 30, 2024 5:43:08 PM org.example.client.dashboardController applyFilterAndSearch
INFO: Использование ф-ций фильтра и поиска
дек. 30, 2024 5:43:09 PM org.example.client.dashboardController onFilterOne
INFO: Использование первого фильтра
дек. 30, 2024 5:43:09 PM org.example.client.dashboardController applyFilterAndSearch
INFO: Использование ф-ций фильтра и поиска
дек. 30, 2024 5:43:11 PM org.example.client.dashboardController onTableClick
INFO: Выделение данных из таблицы
дек. 30, 2024 5:43:11 PM org.example.client.dashboardController onTableClick
INFO: Выделение данных из таблицы
дек. 30, 2024 5:43:20 PM org.example.client.dashboardController onUpdate
INFO: Попытка обновлении записи в таблице
дек. 30, 2024 5:43:20 PM org.example.client.dashboardController showAlert
INFO: Вызов Alert
дек. 30, 2024 5:43:21 PM org.example.client.dashboardController loadData
INFO: Запрос данных студентов
дек. 30, 2024 5:43:21 PM org.example.client.dashboardController updateCounters
INFO: Обновление чисел для карточек с информацией
дек. 30, 2024 5:43:21 PM org.example.client.dashboardController updateBarChart
INFO: Обновление диаграммы посещаемости
дек. 30, 2024 5:43:21 PM org.example.client.dashboardController onFilterOne
INFO: Использование первого фильтра
дек. 30, 2024 5:43:21 PM org.example.client.dashboardController applyFilterAndSearch
INFO: Использование ф-ций фильтра и поиска
дек. 30, 2024 5:43:21 PM org.example.client.dashboardController onFilterOne
INFO: Использование первого фильтра
дек. 30, 2024 5:43:21 PM org.example.client.dashboardController applyFilterAndSearch
INFO: Использование ф-ций фильтра и поиска
дек. 30, 2024 5:43:21 PM org.example.client.dashboardController onFilterTwo
INFO: Использование второго фильтра
дек. 30, 2024 5:43:21 PM org.example.client.dashboardController applyFilterAndSearch
INFO: Использование ф-ций фильтра и поиска
дек. 30, 2024 5:43:21 PM org.example.client.dashboardController onFilterTwo
INFO: Использование второго фильтра
дек. 30, 2024 5:43:21 PM org.example.client.dashboardController applyFilterAndSearch
INFO: Использование ф-ций фильтра и поиска
дек. 30, 2024 5:43:21 PM org.example.client.dashboardController onClear
INFO: Сброс значений в полях ввода
дек. 30, 2024 5:43:44 PM org.example.client.dashboardController onTableClick
INFO: Выделение данных из таблицы
дек. 30, 2024 5:43:46 PM org.example.client.dashboardController onTableClick
INFO: Выделение данных из таблицы
дек. 30, 2024 5:43:51 PM org.example.client.dashboardController onTableClick
INFO: Выделение данных из таблицы
дек. 30, 2024 5:45:59 PM org.example.client.dashboardController switchForm
INFO: Переключение между окнами
дек. 30, 2024 5:45:59 PM org.example.client.dashboardController switchForm
INFO: Переключение между окнами
дек. 30, 2024 5:45:59 PM org.example.client.dashboardController switchForm
INFO: Переключение между окнами
дек. 30, 2024 5:46:00 PM org.example.client.dashboardController switchForm
INFO: Переключение между окнами
дек. 30, 2024 5:46:03 PM org.example.client.dashboardController switchForm
INFO: Переключение между окнами
дек. 30, 2024 5:46:04 PM org.example.client.dashboardController switchForm
INFO: Переключение между окнами
дек. 30, 2024 5:46:17 PM org.example.client.dashboardController initialize
INFO: Инициализация контроллера
дек. 30, 2024 5:46:17 PM org.example.client.dashboardController loadData
INFO: Запрос данных студентов
дек. 30, 2024 5:46:17 PM org.example.client.dashboardController studentShowListData
INFO: Инициализация таблицы
дек. 30, 2024 5:46:17 PM org.example.client.dashboardController updateBarChart
INFO: Обновление диаграммы посещаемости
дек. 30, 2024 5:46:17 PM org.example.client.dashboardController updateCounters
INFO: Обновление чисел для карточек с информацией
дек. 30, 2024 5:46:20 PM org.example.client.dashboardController switchForm
INFO: Переключение между окнами
дек. 30, 2024 5:46:25 PM org.example.client.dashboardController onTableClick
INFO: Выделение данных из таблицы
дек. 30, 2024 5:46:26 PM org.example.client.dashboardController onTableClick
INFO: Выделение данных из таблицы
дек. 30, 2024 5:46:26 PM org.example.client.dashboardController onTableClick
INFO: Выделение данных из таблицы
дек. 30, 2024 5:46:28 PM org.example.client.dashboardController onClear
INFO: Сброс значений в полях ввода
дек. 30, 2024 5:46:33 PM org.example.client.dashboardController onTableClick
INFO: Выделение данных из таблицы
дек. 30, 2024 5:46:33 PM org.example.client.dashboardController onTableClick
INFO: Выделение данных из таблицы
дек. 30, 2024 5:50:39 PM org.example.client.dashboardController initialize
INFO: Инициализация контроллера
дек. 30, 2024 5:50:39 PM org.example.client.dashboardController loadData
INFO: Запрос данных студентов
дек. 30, 2024 5:50:39 PM org.example.client.dashboardController studentShowListData
INFO: Инициализация таблицы
дек. 30, 2024 5:50:39 PM org.example.client.dashboardController updateBarChart
INFO: Обновление диаграммы посещаемости
дек. 30, 2024 5:50:39 PM org.example.client.dashboardController updateCounters
INFO: Обновление чисел для карточек с информацией
дек. 30, 2024 5:50:49 PM org.example.client.dashboardController switchForm
INFO: Переключение между окнами
дек. 30, 2024 5:51:56 PM org.example.client.dashboardController switchForm
INFO: Переключение между окнами
дек. 30, 2024 5:51:57 PM org.example.client.dashboardController switchForm
INFO: Переключение между окнами
дек. 30, 2024 6:01:01 PM org.example.client.dashboardController initialize
INFO: Инициализация контроллера
дек. 30, 2024 6:01:01 PM org.example.client.dashboardController showAlert
INFO: Вызов Alert
дек. 30, 2024 6:01:07 PM org.example.client.dashboardController studentShowListData
INFO: Инициализация таблицы
дек. 30, 2024 6:01:16 PM org.example.client.dashboardController initialize
INFO: Инициализация контроллера
дек. 30, 2024 6:01:16 PM org.example.client.dashboardController loadData
INFO: Запрос данных студентов
дек. 30, 2024 6:01:17 PM org.example.client.dashboardController studentShowListData
INFO: Инициализация таблицы
дек. 30, 2024 6:01:17 PM org.example.client.dashboardController updateBarChart
INFO: Обновление диаграммы посещаемости
дек. 30, 2024 6:01:17 PM org.example.client.dashboardController updateCounters
INFO: Обновление чисел для карточек с информацией
дек. 30, 2024 6:01:22 PM org.example.client.dashboardController switchForm
INFO: Переключение между окнами
дек. 30, 2024 6:01:37 PM org.example.client.dashboardController switchForm
INFO: Переключение между окнами
дек. 30, 2024 6:01:38 PM org.example.client.dashboardController switchForm
INFO: Переключение между окнами
дек. 30, 2024 6:01:39 PM org.example.client.dashboardController switchForm
INFO: Переключение между окнами
дек. 30, 2024 6:01:40 PM org.example.client.dashboardController switchForm
INFO: Переключение между окнами
дек. 30, 2024 6:01:41 PM org.example.client.dashboardController switchForm
INFO: Переключение между окнами
дек. 30, 2024 6:01:43 PM org.example.client.dashboardController switchForm
INFO: Переключение между окнами
дек. 30, 2024 6:01:43 PM org.example.client.dashboardController switchForm
INFO: Переключение между окнами
дек. 30, 2024 6:02:08 PM org.example.client.dashboardController initialize
INFO: Инициализация контроллера
дек. 30, 2024 6:02:08 PM org.example.client.dashboardController loadData
INFO: Запрос данных студентов
дек. 30, 2024 6:02:08 PM org.example.client.dashboardController studentShowListData
INFO: Инициализация таблицы
дек. 30, 2024 6:02:08 PM org.example.client.dashboardController updateBarChart
INFO: Обновление диаграммы посещаемости
дек. 30, 2024 6:02:08 PM org.example.client.dashboardController updateCounters
INFO: Обновление чисел для карточек с информацией
дек. 30, 2024 6:02:10 PM org.example.client.dashboardController switchForm
INFO: Переключение между окнами
дек. 30, 2024 6:03:39 PM org.example.client.dashboardController initialize
INFO: Инициализация контроллера
дек. 30, 2024 6:03:39 PM org.example.client.dashboardController loadData
INFO: Запрос данных студентов
дек. 30, 2024 6:03:39 PM org.example.client.dashboardController studentShowListData
INFO: Инициализация таблицы
дек. 30, 2024 6:03:39 PM org.example.client.dashboardController updateBarChart
INFO: Обновление диаграммы посещаемости
дек. 30, 2024 6:03:39 PM org.example.client.dashboardController updateCounters
INFO: Обновление чисел для карточек с информацией
дек. 30, 2024 6:03:46 PM org.example.client.dashboardController switchForm
INFO: Переключение между окнами
дек. 30, 2024 6:03:46 PM org.example.client.dashboardController switchForm
INFO: Переключение между окнами
дек. 30, 2024 6:03:47 PM org.example.client.dashboardController switchForm
INFO: Переключение между окнами
дек. 30, 2024 6:03:48 PM org.example.client.dashboardController switchForm
INFO: Переключение между окнами
дек. 30, 2024 6:03:48 PM org.example.client.dashboardController switchForm
INFO: Переключение между окнами
дек. 30, 2024 6:06:06 PM org.example.client.dashboardController switchForm
INFO: Переключение между окнами
дек. 30, 2024 6:06:06 PM org.example.client.dashboardController switchForm
INFO: Переключение между окнами
дек. 30, 2024 6:06:07 PM org.example.client.dashboardController switchForm
INFO: Переключение между окнами
дек. 30, 2024 6:06:12 PM org.example.client.dashboardController switchForm
INFO: Переключение между окнами
дек. 30, 2024 6:06:15 PM org.example.client.dashboardController switchForm
INFO: Переключение между окнами
дек. 30, 2024 6:06:15 PM org.example.client.dashboardController switchForm
INFO: Переключение между окнами
дек. 30, 2024 6:06:16 PM org.example.client.dashboardController switchForm
INFO: Переключение между окнами
дек. 30, 2024 6:06:16 PM org.example.client.dashboardController switchForm
INFO: Переключение между окнами
дек. 30, 2024 6:06:17 PM org.example.client.dashboardController switchForm
INFO: Переключение между окнами
дек. 30, 2024 6:06:17 PM org.example.client.dashboardController switchForm
INFO: Переключение между окнами
дек. 30, 2024 6:06:18 PM org.example.client.dashboardController switchForm
INFO: Переключение между окнами
дек. 30, 2024 6:06:18 PM org.example.client.dashboardController switchForm
INFO: Переключение между окнами
дек. 30, 2024 6:15:34 PM org.example.client.dashboardController onClear
INFO: Сброс значений в полях ввода
дек. 30, 2024 9:12:50 PM org.example.client.dashboardController initialize
INFO: Инициализация контроллера
дек. 30, 2024 9:12:50 PM org.example.client.dashboardController loadData
INFO: Запрос данных студентов
дек. 30, 2024 9:12:51 PM org.example.client.dashboardController studentShowListData
INFO: Инициализация таблицы
дек. 30, 2024 9:12:51 PM org.example.client.dashboardController updateBarChart
INFO: Обновление диаграммы посещаемости
дек. 30, 2024 9:12:51 PM org.example.client.dashboardController updateCounters
INFO: Обновление чисел для карточек с информацией
дек. 30, 2024 9:12:54 PM org.example.client.dashboardController switchForm
INFO: Переключение между окнами
дек. 30, 2024 9:12:57 PM org.example.client.dashboardController onFilterThree
INFO: Использование третьего фильтра
дек. 30, 2024 9:12:57 PM org.example.client.dashboardController applyFilterAndSearch
INFO: Использование ф-ций фильтра и поиска
дек. 30, 2024 9:12:58 PM org.example.client.dashboardController onFilterThree
INFO: Использование третьего фильтра
дек. 30, 2024 9:12:58 PM org.example.client.dashboardController applyFilterAndSearch
INFO: Использование ф-ций фильтра и поиска
дек. 30, 2024 9:13:02 PM org.example.client.dashboardController onFilterThree
INFO: Использование третьего фильтра
дек. 30, 2024 9:13:02 PM org.example.client.dashboardController applyFilterAndSearch
INFO: Использование ф-ций фильтра и поиска
дек. 30, 2024 9:13:08 PM org.example.client.dashboardController onFilterOne
INFO: Использование первого фильтра
дек. 30, 2024 9:13:08 PM org.example.client.dashboardController applyFilterAndSearch
INFO: Использование ф-ций фильтра и поиска
дек. 30, 2024 9:13:09 PM org.example.client.dashboardController onFilterOne
INFO: Использование первого фильтра
дек. 30, 2024 9:13:09 PM org.example.client.dashboardController applyFilterAndSearch
INFO: Использование ф-ций фильтра и поиска
дек. 30, 2024 9:13:10 PM org.example.client.dashboardController onFilterOne
INFO: Использование первого фильтра
дек. 30, 2024 9:13:10 PM org.example.client.dashboardController applyFilterAndSearch
INFO: Использование ф-ций фильтра и поиска
