#
# There is insufficient memory for the Java Runtime Environment to continue.
# Native memory allocation (malloc) failed to allocate 1559552 bytes for Chunk::new
# Possible reasons:
#   The system is out of physical RAM or swap space
#   The process is running with CompressedOops enabled, and the Java Heap may be blocking the growth of the native heap
# Possible solutions:
#   Reduce memory load on the system
#   Increase physical memory or swap space
#   Check if swap backing store is full
#   Decrease Java heap size (-Xmx/-Xms)
#   Decrease number of Java threads
#   Decrease Java thread stack sizes (-Xss)
#   Set larger code cache with -XX:ReservedCodeCacheSize=
#   JVM is running with Unscaled Compressed Oops mode in which the Java heap is
#     placed in the first 4GB address space. The Java Heap base address is the
#     maximum limit for the native heap growth. Please use -XX:HeapBaseMinAddress
#     to set the Java Heap base and to place the Java Heap above 4GB virtual address.
# This output file may be truncated or incomplete.
#
#  Out of Memory Error (arena.cpp:168), pid=14912, tid=16732
#
# JRE version: Java(TM) SE Runtime Environment (21.0.4+8) (build 21.0.4+8-LTS-274)
# Java VM: Java HotSpot(TM) 64-Bit Server VM (21.0.4+8-LTS-274, mixed mode, sharing, tiered, compressed oops, compressed class ptrs, g1 gc, windows-amd64)
# No core dump will be written. Minidumps are not enabled by default on client versions of Windows
#

---------------  S U M M A R Y ------------

Command Line: -javaagent:C:\Program Files\JetBrains\IntelliJIdea2024.1\lib\idea_rt.jar=10511:C:\Program Files\JetBrains\IntelliJIdea2024.1\bin -Dfile.encoding=UTF-8 -Dsun.stdout.encoding=UTF-8 -Dsun.stderr.encoding=UTF-8 --module-path=C:\Users\011ko\.m2\repository\org\controlsfx\controlsfx\11.2.1\controlsfx-11.2.1.jar;C:\Users\011ko\.m2\repository\org\openjfx\javafx-base\23.0.1\javafx-base-23.0.1-win.jar;C:\Users\011ko\.m2\repository\org\kordamp\bootstrapfx\bootstrapfx-core\0.4.0\bootstrapfx-core-0.4.0.jar;C:\Users\011ko\.m2\repository\org\kordamp\ikonli\ikonli-javafx\12.3.1\ikonli-javafx-12.3.1.jar;C:\Users\011ko\.m2\repository\org\openjfx\javafx-fxml\23.0.1\javafx-fxml-23.0.1-win.jar;C:\Users\011ko\.m2\repository\com\google\code\gson\gson\2.10.1\gson-2.10.1.jar;C:\Users\011ko\.m2\repository\org\openjfx\javafx-controls\23.0.1\javafx-controls-23.0.1-win.jar;C:\Users\011ko\.m2\repository\org\openjfx\javafx-graphics\23.0.1\javafx-graphics-23.0.1-win.jar;C:\Users\011ko\.m2\repository\de\jensd\fontawesomefx-fontawesome\4.7.0-9.1.2\fontawesomefx-fontawesome-4.7.0-9.1.2.jar;C:\Users\011ko\.m2\repository\org\kordamp\ikonli\ikonli-core\12.3.1\ikonli-core-12.3.1.jar;C:\Users\011ko\.m2\repository\de\jensd\fontawesomefx-commons\9.1.2\fontawesomefx-commons-9.1.2.jar;D:\IdeaProjects\attendance-tracking-app\shared\target\classes;D:\IdeaProjects\attendance-tracking-app\client\target\classes -Djdk.module.main=org.example.client org.example.client/org.example.client.dashboardApplication

Host: 11th Gen Intel(R) Core(TM) i3-1115G4 @ 3.00GHz, 4 cores, 7G,  Windows 11 , 64 bit Build 22621 (10.0.22621.4391)
Time: Wed Dec 25 03:59:39 2024 RTZ 6 (s 11 , 64 bit Build 22621 (10.0.22621.4391) elapsed time: 3.346368 seconds (0d 0h 0m 3s)

---------------  T H R E A D  ---------------

Current thread (0x000002067f386960):  JavaThread "C2 CompilerThread0" daemon [_thread_in_native, id=16732, stack(0x000000bfda400000,0x000000bfda500000) (1024K)]


Current CompileTask:
C2:   3346 2734       4       java.lang.invoke.MethodType::makeImpl (109 bytes)

Stack: [0x000000bfda400000,0x000000bfda500000]
Native frames: (J=compiled Java code, j=interpreted, Vv=VM code, C=native code)
V  [jvm.dll+0x6c8e59]
V  [jvm.dll+0x853181]
V  [jvm.dll+0x8556ae]
V  [jvm.dll+0x855d83]
V  [jvm.dll+0x27d526]
V  [jvm.dll+0xc4aad]
V  [jvm.dll+0xc4fe3]
V  [jvm.dll+0x3b400c]
V  [jvm.dll+0x3809a5]
V  [jvm.dll+0x37fe1a]
V  [jvm.dll+0x246280]
V  [jvm.dll+0x24585f]
V  [jvm.dll+0x1c69de]
V  [jvm.dll+0x254d49]
V  [jvm.dll+0x2532da]
V  [jvm.dll+0x3ed426]
V  [jvm.dll+0x7fd65b]
V  [jvm.dll+0x6c753d]
C  [ucrtbase.dll+0x29333]
C  [KERNEL32.DLL+0x1259d]
C  [ntdll.dll+0x5af38]


---------------  P R O C E S S  ---------------

Threads class SMR info:
_java_thread_list=0x0000020659c7f450, length=19, elements={
0x00000206701e3e10, 0x000002067f37bb10, 0x000002067f37ca30, 0x000002067f380a60,
0x000002067f3825c0, 0x000002067f383110, 0x000002067f383c60, 0x000002067f386960,
0x000002067f387400, 0x000002067f353bf0, 0x000002065412b7e0, 0x000002065412be50,
0x00000206544221a0, 0x0000020654372460, 0x0000020654373ac0, 0x0000020654790e10,
0x0000020654787a10, 0x0000020659a58e30, 0x0000020659b09f20
}

Java Threads: ( => current thread )
  0x00000206701e3e10 JavaThread "main"                              [_thread_blocked, id=21440, stack(0x000000bfd9600000,0x000000bfd9700000) (1024K)]
  0x000002067f37bb10 JavaThread "Reference Handler"          daemon [_thread_blocked, id=5304, stack(0x000000bfd9e00000,0x000000bfd9f00000) (1024K)]
  0x000002067f37ca30 JavaThread "Finalizer"                  daemon [_thread_blocked, id=13480, stack(0x000000bfd9f00000,0x000000bfda000000) (1024K)]
  0x000002067f380a60 JavaThread "Signal Dispatcher"          daemon [_thread_blocked, id=22148, stack(0x000000bfda000000,0x000000bfda100000) (1024K)]
  0x000002067f3825c0 JavaThread "Attach Listener"            daemon [_thread_blocked, id=2908, stack(0x000000bfda100000,0x000000bfda200000) (1024K)]
  0x000002067f383110 JavaThread "Service Thread"             daemon [_thread_blocked, id=20960, stack(0x000000bfda200000,0x000000bfda300000) (1024K)]
  0x000002067f383c60 JavaThread "Monitor Deflation Thread"   daemon [_thread_blocked, id=20436, stack(0x000000bfda300000,0x000000bfda400000) (1024K)]
=>0x000002067f386960 JavaThread "C2 CompilerThread0"         daemon [_thread_in_native, id=16732, stack(0x000000bfda400000,0x000000bfda500000) (1024K)]
  0x000002067f387400 JavaThread "C1 CompilerThread0"         daemon [_thread_blocked, id=17180, stack(0x000000bfda500000,0x000000bfda600000) (1024K)]
  0x000002067f353bf0 JavaThread "Common-Cleaner"             daemon [_thread_blocked, id=21872, stack(0x000000bfda600000,0x000000bfda700000) (1024K)]
  0x000002065412b7e0 JavaThread "Monitor Ctrl-Break"         daemon [_thread_in_native, id=12980, stack(0x000000bfda800000,0x000000bfda900000) (1024K)]
  0x000002065412be50 JavaThread "Notification Thread"        daemon [_thread_blocked, id=1372, stack(0x000000bfda900000,0x000000bfdaa00000) (1024K)]
  0x00000206544221a0 JavaThread "QuantumRenderer-0"          daemon [_thread_blocked, id=13988, stack(0x000000bfdac00000,0x000000bfdad00000) (1024K)]
  0x0000020654372460 JavaThread "InvokeLaterDispatcher"      daemon [_thread_blocked, id=12620, stack(0x000000bfdad00000,0x000000bfdae00000) (1024K)]
  0x0000020654373ac0 JavaThread "JavaFX Application Thread"         [_thread_in_vm, id=14696, stack(0x000000bfdae00000,0x000000bfdaf00000) (1024K)]
  0x0000020654790e10 JavaThread "Thread-1"                   daemon [_thread_in_native, id=15976, stack(0x000000bfdb200000,0x000000bfdb300000) (1024K)]
  0x0000020654787a10 JavaThread "JavaFX-Launcher"                   [_thread_blocked, id=12376, stack(0x000000bfdb300000,0x000000bfdb400000) (1024K)]
  0x0000020659a58e30 JavaThread "Prism Font Disposer"        daemon [_thread_blocked, id=18632, stack(0x000000bfdb500000,0x000000bfdb600000) (1024K)]
  0x0000020659b09f20 JavaThread "C2 CompilerThread1"         daemon [_thread_in_native, id=15252, stack(0x000000bfdb400000,0x000000bfdb500000) (1024K)]
Total: 19

Other Threads:
  0x000002067f369990 VMThread "VM Thread"                           [id=776, stack(0x000000bfd9d00000,0x000000bfd9e00000) (1024K)]
  0x000002067f3526b0 WatcherThread "VM Periodic Task Thread"        [id=21232, stack(0x000000bfd9c00000,0x000000bfd9d00000) (1024K)]
  0x00000206723736e0 WorkerThread "GC Thread#0"                     [id=19732, stack(0x000000bfd9700000,0x000000bfd9800000) (1024K)]
  0x0000020654217300 WorkerThread "GC Thread#1"                     [id=23132, stack(0x000000bfda700000,0x000000bfda800000) (1024K)]
  0x00000206542176a0 WorkerThread "GC Thread#2"                     [id=22996, stack(0x000000bfdaa00000,0x000000bfdab00000) (1024K)]
  0x00000206541fcc30 WorkerThread "GC Thread#3"                     [id=16728, stack(0x000000bfdab00000,0x000000bfdac00000) (1024K)]
  0x0000020672384230 ConcurrentGCThread "G1 Main Marker"            [id=20700, stack(0x000000bfd9800000,0x000000bfd9900000) (1024K)]
  0x00000206723854d0 WorkerThread "G1 Conc#0"                       [id=22040, stack(0x000000bfd9900000,0x000000bfd9a00000) (1024K)]
  0x000002067f21f130 ConcurrentGCThread "G1 Refine#0"               [id=19976, stack(0x000000bfd9a00000,0x000000bfd9b00000) (1024K)]
  0x000002067f21fab0 ConcurrentGCThread "G1 Service"                [id=14560, stack(0x000000bfd9b00000,0x000000bfd9c00000) (1024K)]
Total: 10

Threads with active compile tasks:
C2 CompilerThread0     3398 2734       4       java.lang.invoke.MethodType::makeImpl (109 bytes)
C2 CompilerThread1     3398 2880       4       com.sun.javafx.css.StyleMap::getCascadingStyles (384 bytes)
Total: 2

VM state: not at safepoint (normal execution)

VM Mutex/Monitor currently owned by a thread: None

Heap address: 0x0000000083200000, size: 1998 MB, Compressed Oops mode: 32-bit

CDS archive(s) mapped at: [0x000002060f000000-0x000002060fc90000-0x000002060fc90000), size 13172736, SharedBaseAddress: 0x000002060f000000, ArchiveRelocationMode: 1.
Compressed class space mapped at: 0x0000020610000000-0x0000020650000000, reserved size: 1073741824
Narrow klass base: 0x000002060f000000, Narrow klass shift: 0, Narrow klass range: 0x100000000

GC Precious Log:
 CardTable entry size: 512
 Card Set container configuration: InlinePtr #cards 5 size 8 Array Of Cards #cards 12 size 40 Howl #buckets 4 coarsen threshold 1843 Howl Bitmap #cards 512 size 80 coarsen threshold 460 Card regions per heap region 1 cards per card region 2048
 CPUs: 4 total, 4 available
 Memory: 7991M
 Large Page Support: Disabled
 NUMA Support: Disabled
 Compressed Oops: Enabled (32-bit)
 Heap Region Size: 1M
 Heap Min Capacity: 8M
 Heap Initial Capacity: 126M
 Heap Max Capacity: 1998M
 Pre-touch: Disabled
 Parallel Workers: 4
 Concurrent Workers: 1
 Concurrent Refinement Workers: 4
 Periodic GC: Disabled

Heap:
 garbage-first heap   total 129024K, used 58835K [0x0000000083200000, 0x0000000100000000)
  region size 1024K, 57 young (58368K), 3 survivors (3072K)
 Metaspace       used 16475K, committed 16832K, reserved 1114112K
  class space    used 2382K, committed 2560K, reserved 1048576K

Heap Regions: E=young(eden), S=young(survivor), O=old, HS=humongous(starts), HC=humongous(continues), CS=collection set, F=free, TAMS=top-at-mark-start, PB=parsable bottom
|   0|0x0000000083200000, 0x0000000083300000, 0x0000000083300000|100%| O|  |TAMS 0x0000000083200000| PB 0x0000000083200000| Untracked 
|   1|0x0000000083300000, 0x0000000083400000, 0x0000000083400000|100%| O|  |TAMS 0x0000000083300000| PB 0x0000000083300000| Untracked 
|   2|0x0000000083400000, 0x0000000083474e20, 0x0000000083500000| 45%| O|  |TAMS 0x0000000083400000| PB 0x0000000083400000| Untracked 
|   3|0x0000000083500000, 0x0000000083500000, 0x0000000083600000|  0%| F|  |TAMS 0x0000000083500000| PB 0x0000000083500000| Untracked 
|   4|0x0000000083600000, 0x0000000083600000, 0x0000000083700000|  0%| F|  |TAMS 0x0000000083600000| PB 0x0000000083600000| Untracked 
|   5|0x0000000083700000, 0x0000000083700000, 0x0000000083800000|  0%| F|  |TAMS 0x0000000083700000| PB 0x0000000083700000| Untracked 
|   6|0x0000000083800000, 0x0000000083800000, 0x0000000083900000|  0%| F|  |TAMS 0x0000000083800000| PB 0x0000000083800000| Untracked 
|   7|0x0000000083900000, 0x0000000083900000, 0x0000000083a00000|  0%| F|  |TAMS 0x0000000083900000| PB 0x0000000083900000| Untracked 
|   8|0x0000000083a00000, 0x0000000083a00000, 0x0000000083b00000|  0%| F|  |TAMS 0x0000000083a00000| PB 0x0000000083a00000| Untracked 
|   9|0x0000000083b00000, 0x0000000083b00000, 0x0000000083c00000|  0%| F|  |TAMS 0x0000000083b00000| PB 0x0000000083b00000| Untracked 
|  10|0x0000000083c00000, 0x0000000083c00000, 0x0000000083d00000|  0%| F|  |TAMS 0x0000000083c00000| PB 0x0000000083c00000| Untracked 
|  11|0x0000000083d00000, 0x0000000083d00000, 0x0000000083e00000|  0%| F|  |TAMS 0x0000000083d00000| PB 0x0000000083d00000| Untracked 
|  12|0x0000000083e00000, 0x0000000083e00000, 0x0000000083f00000|  0%| F|  |TAMS 0x0000000083e00000| PB 0x0000000083e00000| Untracked 
|  13|0x0000000083f00000, 0x0000000083f00000, 0x0000000084000000|  0%| F|  |TAMS 0x0000000083f00000| PB 0x0000000083f00000| Untracked 
|  14|0x0000000084000000, 0x0000000084000000, 0x0000000084100000|  0%| F|  |TAMS 0x0000000084000000| PB 0x0000000084000000| Untracked 
|  15|0x0000000084100000, 0x0000000084100000, 0x0000000084200000|  0%| F|  |TAMS 0x0000000084100000| PB 0x0000000084100000| Untracked 
|  16|0x0000000084200000, 0x0000000084200000, 0x0000000084300000|  0%| F|  |TAMS 0x0000000084200000| PB 0x0000000084200000| Untracked 
|  17|0x0000000084300000, 0x0000000084300000, 0x0000000084400000|  0%| F|  |TAMS 0x0000000084300000| PB 0x0000000084300000| Untracked 
|  18|0x0000000084400000, 0x0000000084400000, 0x0000000084500000|  0%| F|  |TAMS 0x0000000084400000| PB 0x0000000084400000| Untracked 
|  19|0x0000000084500000, 0x0000000084500000, 0x0000000084600000|  0%| F|  |TAMS 0x0000000084500000| PB 0x0000000084500000| Untracked 
|  20|0x0000000084600000, 0x0000000084600000, 0x0000000084700000|  0%| F|  |TAMS 0x0000000084600000| PB 0x0000000084600000| Untracked 
|  21|0x0000000084700000, 0x0000000084700000, 0x0000000084800000|  0%| F|  |TAMS 0x0000000084700000| PB 0x0000000084700000| Untracked 
|  22|0x0000000084800000, 0x0000000084800000, 0x0000000084900000|  0%| F|  |TAMS 0x0000000084800000| PB 0x0000000084800000| Untracked 
|  23|0x0000000084900000, 0x0000000084900000, 0x0000000084a00000|  0%| F|  |TAMS 0x0000000084900000| PB 0x0000000084900000| Untracked 
|  24|0x0000000084a00000, 0x0000000084a00000, 0x0000000084b00000|  0%| F|  |TAMS 0x0000000084a00000| PB 0x0000000084a00000| Untracked 
|  25|0x0000000084b00000, 0x0000000084b00000, 0x0000000084c00000|  0%| F|  |TAMS 0x0000000084b00000| PB 0x0000000084b00000| Untracked 
|  26|0x0000000084c00000, 0x0000000084c00000, 0x0000000084d00000|  0%| F|  |TAMS 0x0000000084c00000| PB 0x0000000084c00000| Untracked 
|  27|0x0000000084d00000, 0x0000000084d00000, 0x0000000084e00000|  0%| F|  |TAMS 0x0000000084d00000| PB 0x0000000084d00000| Untracked 
|  28|0x0000000084e00000, 0x0000000084e00000, 0x0000000084f00000|  0%| F|  |TAMS 0x0000000084e00000| PB 0x0000000084e00000| Untracked 
|  29|0x0000000084f00000, 0x0000000084f00000, 0x0000000085000000|  0%| F|  |TAMS 0x0000000084f00000| PB 0x0000000084f00000| Untracked 
|  30|0x0000000085000000, 0x0000000085000000, 0x0000000085100000|  0%| F|  |TAMS 0x0000000085000000| PB 0x0000000085000000| Untracked 
|  31|0x0000000085100000, 0x0000000085100000, 0x0000000085200000|  0%| F|  |TAMS 0x0000000085100000| PB 0x0000000085100000| Untracked 
|  32|0x0000000085200000, 0x0000000085200000, 0x0000000085300000|  0%| F|  |TAMS 0x0000000085200000| PB 0x0000000085200000| Untracked 
|  33|0x0000000085300000, 0x0000000085300000, 0x0000000085400000|  0%| F|  |TAMS 0x0000000085300000| PB 0x0000000085300000| Untracked 
|  34|0x0000000085400000, 0x0000000085400000, 0x0000000085500000|  0%| F|  |TAMS 0x0000000085400000| PB 0x0000000085400000| Untracked 
|  35|0x0000000085500000, 0x0000000085500000, 0x0000000085600000|  0%| F|  |TAMS 0x0000000085500000| PB 0x0000000085500000| Untracked 
|  36|0x0000000085600000, 0x0000000085600000, 0x0000000085700000|  0%| F|  |TAMS 0x0000000085600000| PB 0x0000000085600000| Untracked 
|  37|0x0000000085700000, 0x0000000085700000, 0x0000000085800000|  0%| F|  |TAMS 0x0000000085700000| PB 0x0000000085700000| Untracked 
|  38|0x0000000085800000, 0x0000000085800000, 0x0000000085900000|  0%| F|  |TAMS 0x0000000085800000| PB 0x0000000085800000| Untracked 
|  39|0x0000000085900000, 0x0000000085900000, 0x0000000085a00000|  0%| F|  |TAMS 0x0000000085900000| PB 0x0000000085900000| Untracked 
|  40|0x0000000085a00000, 0x0000000085a00000, 0x0000000085b00000|  0%| F|  |TAMS 0x0000000085a00000| PB 0x0000000085a00000| Untracked 
|  41|0x0000000085b00000, 0x0000000085b00000, 0x0000000085c00000|  0%| F|  |TAMS 0x0000000085b00000| PB 0x0000000085b00000| Untracked 
|  42|0x0000000085c00000, 0x0000000085c00000, 0x0000000085d00000|  0%| F|  |TAMS 0x0000000085c00000| PB 0x0000000085c00000| Untracked 
|  43|0x0000000085d00000, 0x0000000085d00000, 0x0000000085e00000|  0%| F|  |TAMS 0x0000000085d00000| PB 0x0000000085d00000| Untracked 
|  44|0x0000000085e00000, 0x0000000085e00000, 0x0000000085f00000|  0%| F|  |TAMS 0x0000000085e00000| PB 0x0000000085e00000| Untracked 
|  45|0x0000000085f00000, 0x0000000085f00000, 0x0000000086000000|  0%| F|  |TAMS 0x0000000085f00000| PB 0x0000000085f00000| Untracked 
|  46|0x0000000086000000, 0x0000000086000000, 0x0000000086100000|  0%| F|  |TAMS 0x0000000086000000| PB 0x0000000086000000| Untracked 
|  47|0x0000000086100000, 0x0000000086100000, 0x0000000086200000|  0%| F|  |TAMS 0x0000000086100000| PB 0x0000000086100000| Untracked 
|  48|0x0000000086200000, 0x0000000086200000, 0x0000000086300000|  0%| F|  |TAMS 0x0000000086200000| PB 0x0000000086200000| Untracked 
|  49|0x0000000086300000, 0x0000000086300000, 0x0000000086400000|  0%| F|  |TAMS 0x0000000086300000| PB 0x0000000086300000| Untracked 
|  50|0x0000000086400000, 0x0000000086400000, 0x0000000086500000|  0%| F|  |TAMS 0x0000000086400000| PB 0x0000000086400000| Untracked 
|  51|0x0000000086500000, 0x0000000086500000, 0x0000000086600000|  0%| F|  |TAMS 0x0000000086500000| PB 0x0000000086500000| Untracked 
|  52|0x0000000086600000, 0x0000000086600000, 0x0000000086700000|  0%| F|  |TAMS 0x0000000086600000| PB 0x0000000086600000| Untracked 
|  53|0x0000000086700000, 0x0000000086700000, 0x0000000086800000|  0%| F|  |TAMS 0x0000000086700000| PB 0x0000000086700000| Untracked 
|  54|0x0000000086800000, 0x0000000086800000, 0x0000000086900000|  0%| F|  |TAMS 0x0000000086800000| PB 0x0000000086800000| Untracked 
|  55|0x0000000086900000, 0x0000000086900000, 0x0000000086a00000|  0%| F|  |TAMS 0x0000000086900000| PB 0x0000000086900000| Untracked 
|  56|0x0000000086a00000, 0x0000000086a00000, 0x0000000086b00000|  0%| F|  |TAMS 0x0000000086a00000| PB 0x0000000086a00000| Untracked 
|  57|0x0000000086b00000, 0x0000000086b00000, 0x0000000086c00000|  0%| F|  |TAMS 0x0000000086b00000| PB 0x0000000086b00000| Untracked 
|  58|0x0000000086c00000, 0x0000000086c00000, 0x0000000086d00000|  0%| F|  |TAMS 0x0000000086c00000| PB 0x0000000086c00000| Untracked 
|  59|0x0000000086d00000, 0x0000000086d00000, 0x0000000086e00000|  0%| F|  |TAMS 0x0000000086d00000| PB 0x0000000086d00000| Untracked 
|  60|0x0000000086e00000, 0x0000000086e00000, 0x0000000086f00000|  0%| F|  |TAMS 0x0000000086e00000| PB 0x0000000086e00000| Untracked 
|  61|0x0000000086f00000, 0x0000000086f00000, 0x0000000087000000|  0%| F|  |TAMS 0x0000000086f00000| PB 0x0000000086f00000| Untracked 
|  62|0x0000000087000000, 0x0000000087000000, 0x0000000087100000|  0%| F|  |TAMS 0x0000000087000000| PB 0x0000000087000000| Untracked 
|  63|0x0000000087100000, 0x0000000087100000, 0x0000000087200000|  0%| F|  |TAMS 0x0000000087100000| PB 0x0000000087100000| Untracked 
|  64|0x0000000087200000, 0x0000000087200000, 0x0000000087300000|  0%| F|  |TAMS 0x0000000087200000| PB 0x0000000087200000| Untracked 
|  65|0x0000000087300000, 0x0000000087300000, 0x0000000087400000|  0%| F|  |TAMS 0x0000000087300000| PB 0x0000000087300000| Untracked 
|  66|0x0000000087400000, 0x0000000087400000, 0x0000000087500000|  0%| F|  |TAMS 0x0000000087400000| PB 0x0000000087400000| Untracked 
|  67|0x0000000087500000, 0x0000000087500000, 0x0000000087600000|  0%| F|  |TAMS 0x0000000087500000| PB 0x0000000087500000| Untracked 
|  68|0x0000000087600000, 0x0000000087600000, 0x0000000087700000|  0%| F|  |TAMS 0x0000000087600000| PB 0x0000000087600000| Untracked 
|  69|0x0000000087700000, 0x0000000087731be0, 0x0000000087800000| 19%| E|  |TAMS 0x0000000087700000| PB 0x0000000087700000| Complete 
|  70|0x0000000087800000, 0x0000000087900000, 0x0000000087900000|100%| E|CS|TAMS 0x0000000087800000| PB 0x0000000087800000| Complete 
|  71|0x0000000087900000, 0x0000000087a00000, 0x0000000087a00000|100%| E|CS|TAMS 0x0000000087900000| PB 0x0000000087900000| Complete 
|  72|0x0000000087a00000, 0x0000000087b00000, 0x0000000087b00000|100%| E|CS|TAMS 0x0000000087a00000| PB 0x0000000087a00000| Complete 
|  73|0x0000000087b00000, 0x0000000087bffc68, 0x0000000087c00000| 99%| E|  |TAMS 0x0000000087b00000| PB 0x0000000087b00000| Complete 
|  74|0x0000000087c00000, 0x0000000087d00000, 0x0000000087d00000|100%| E|CS|TAMS 0x0000000087c00000| PB 0x0000000087c00000| Complete 
|  75|0x0000000087d00000, 0x0000000087e00000, 0x0000000087e00000|100%| E|CS|TAMS 0x0000000087d00000| PB 0x0000000087d00000| Complete 
|  76|0x0000000087e00000, 0x0000000087f00000, 0x0000000087f00000|100%| E|CS|TAMS 0x0000000087e00000| PB 0x0000000087e00000| Complete 
|  77|0x0000000087f00000, 0x0000000088000000, 0x0000000088000000|100%| E|CS|TAMS 0x0000000087f00000| PB 0x0000000087f00000| Complete 
|  78|0x0000000088000000, 0x0000000088100000, 0x0000000088100000|100%| E|CS|TAMS 0x0000000088000000| PB 0x0000000088000000| Complete 
|  79|0x0000000088100000, 0x0000000088200000, 0x0000000088200000|100%| E|CS|TAMS 0x0000000088100000| PB 0x0000000088100000| Complete 
|  80|0x0000000088200000, 0x0000000088300000, 0x0000000088300000|100%| E|CS|TAMS 0x0000000088200000| PB 0x0000000088200000| Complete 
|  81|0x0000000088300000, 0x0000000088400000, 0x0000000088400000|100%| E|CS|TAMS 0x0000000088300000| PB 0x0000000088300000| Complete 
|  82|0x0000000088400000, 0x0000000088500000, 0x0000000088500000|100%| E|CS|TAMS 0x0000000088400000| PB 0x0000000088400000| Complete 
|  83|0x0000000088500000, 0x0000000088600000, 0x0000000088600000|100%| E|CS|TAMS 0x0000000088500000| PB 0x0000000088500000| Complete 
|  84|0x0000000088600000, 0x0000000088700000, 0x0000000088700000|100%| E|CS|TAMS 0x0000000088600000| PB 0x0000000088600000| Complete 
|  85|0x0000000088700000, 0x0000000088800000, 0x0000000088800000|100%| E|CS|TAMS 0x0000000088700000| PB 0x0000000088700000| Complete 
|  86|0x0000000088800000, 0x0000000088900000, 0x0000000088900000|100%| E|CS|TAMS 0x0000000088800000| PB 0x0000000088800000| Complete 
|  87|0x0000000088900000, 0x0000000088a00000, 0x0000000088a00000|100%| E|CS|TAMS 0x0000000088900000| PB 0x0000000088900000| Complete 
|  88|0x0000000088a00000, 0x0000000088b00000, 0x0000000088b00000|100%| E|CS|TAMS 0x0000000088a00000| PB 0x0000000088a00000| Complete 
|  89|0x0000000088b00000, 0x0000000088c00000, 0x0000000088c00000|100%| E|CS|TAMS 0x0000000088b00000| PB 0x0000000088b00000| Complete 
|  90|0x0000000088c00000, 0x0000000088d00000, 0x0000000088d00000|100%| E|CS|TAMS 0x0000000088c00000| PB 0x0000000088c00000| Complete 
|  91|0x0000000088d00000, 0x0000000088e00000, 0x0000000088e00000|100%| E|CS|TAMS 0x0000000088d00000| PB 0x0000000088d00000| Complete 
|  92|0x0000000088e00000, 0x0000000088f00000, 0x0000000088f00000|100%| E|CS|TAMS 0x0000000088e00000| PB 0x0000000088e00000| Complete 
|  93|0x0000000088f00000, 0x0000000089000000, 0x0000000089000000|100%| E|CS|TAMS 0x0000000088f00000| PB 0x0000000088f00000| Complete 
|  94|0x0000000089000000, 0x0000000089100000, 0x0000000089100000|100%| E|CS|TAMS 0x0000000089000000| PB 0x0000000089000000| Complete 
|  95|0x0000000089100000, 0x0000000089200000, 0x0000000089200000|100%| E|CS|TAMS 0x0000000089100000| PB 0x0000000089100000| Complete 
|  96|0x0000000089200000, 0x0000000089300000, 0x0000000089300000|100%| E|CS|TAMS 0x0000000089200000| PB 0x0000000089200000| Complete 
|  97|0x0000000089300000, 0x0000000089400000, 0x0000000089400000|100%| E|CS|TAMS 0x0000000089300000| PB 0x0000000089300000| Complete 
|  98|0x0000000089400000, 0x0000000089500000, 0x0000000089500000|100%| E|CS|TAMS 0x0000000089400000| PB 0x0000000089400000| Complete 
|  99|0x0000000089500000, 0x0000000089600000, 0x0000000089600000|100%| S|CS|TAMS 0x0000000089500000| PB 0x0000000089500000| Complete 
| 100|0x0000000089600000, 0x0000000089700000, 0x0000000089700000|100%| S|CS|TAMS 0x0000000089600000| PB 0x0000000089600000| Complete 
| 101|0x0000000089700000, 0x0000000089800000, 0x0000000089800000|100%| S|CS|TAMS 0x0000000089700000| PB 0x0000000089700000| Complete 
| 102|0x0000000089800000, 0x0000000089900000, 0x0000000089900000|100%| E|CS|TAMS 0x0000000089800000| PB 0x0000000089800000| Complete 
| 103|0x0000000089900000, 0x0000000089a00000, 0x0000000089a00000|100%| E|CS|TAMS 0x0000000089900000| PB 0x0000000089900000| Complete 
| 104|0x0000000089a00000, 0x0000000089b00000, 0x0000000089b00000|100%| E|CS|TAMS 0x0000000089a00000| PB 0x0000000089a00000| Complete 
| 105|0x0000000089b00000, 0x0000000089c00000, 0x0000000089c00000|100%| E|CS|TAMS 0x0000000089b00000| PB 0x0000000089b00000| Complete 
| 106|0x0000000089c00000, 0x0000000089d00000, 0x0000000089d00000|100%| E|CS|TAMS 0x0000000089c00000| PB 0x0000000089c00000| Complete 
| 107|0x0000000089d00000, 0x0000000089e00000, 0x0000000089e00000|100%| E|CS|TAMS 0x0000000089d00000| PB 0x0000000089d00000| Complete 
| 108|0x0000000089e00000, 0x0000000089f00000, 0x0000000089f00000|100%| E|CS|TAMS 0x0000000089e00000| PB 0x0000000089e00000| Complete 
| 109|0x0000000089f00000, 0x000000008a000000, 0x000000008a000000|100%| E|CS|TAMS 0x0000000089f00000| PB 0x0000000089f00000| Complete 
| 110|0x000000008a000000, 0x000000008a100000, 0x000000008a100000|100%| E|CS|TAMS 0x000000008a000000| PB 0x000000008a000000| Complete 
| 111|0x000000008a100000, 0x000000008a200000, 0x000000008a200000|100%| E|CS|TAMS 0x000000008a100000| PB 0x000000008a100000| Complete 
| 112|0x000000008a200000, 0x000000008a300000, 0x000000008a300000|100%| E|CS|TAMS 0x000000008a200000| PB 0x000000008a200000| Complete 
| 113|0x000000008a300000, 0x000000008a400000, 0x000000008a400000|100%| E|CS|TAMS 0x000000008a300000| PB 0x000000008a300000| Complete 
| 114|0x000000008a400000, 0x000000008a500000, 0x000000008a500000|100%| E|CS|TAMS 0x000000008a400000| PB 0x000000008a400000| Complete 
| 115|0x000000008a500000, 0x000000008a600000, 0x000000008a600000|100%| E|CS|TAMS 0x000000008a500000| PB 0x000000008a500000| Complete 
| 116|0x000000008a600000, 0x000000008a700000, 0x000000008a700000|100%| E|CS|TAMS 0x000000008a600000| PB 0x000000008a600000| Complete 
| 117|0x000000008a700000, 0x000000008a800000, 0x000000008a800000|100%| E|CS|TAMS 0x000000008a700000| PB 0x000000008a700000| Complete 
| 118|0x000000008a800000, 0x000000008a900000, 0x000000008a900000|100%| E|CS|TAMS 0x000000008a800000| PB 0x000000008a800000| Complete 
| 119|0x000000008a900000, 0x000000008aa00000, 0x000000008aa00000|100%| E|CS|TAMS 0x000000008a900000| PB 0x000000008a900000| Complete 
| 120|0x000000008aa00000, 0x000000008ab00000, 0x000000008ab00000|100%| E|CS|TAMS 0x000000008aa00000| PB 0x000000008aa00000| Complete 
| 121|0x000000008ab00000, 0x000000008ac00000, 0x000000008ac00000|100%| E|CS|TAMS 0x000000008ab00000| PB 0x000000008ab00000| Complete 
| 122|0x000000008ac00000, 0x000000008ad00000, 0x000000008ad00000|100%| E|CS|TAMS 0x000000008ac00000| PB 0x000000008ac00000| Complete 
| 123|0x000000008ad00000, 0x000000008ae00000, 0x000000008ae00000|100%| E|CS|TAMS 0x000000008ad00000| PB 0x000000008ad00000| Complete 
| 124|0x000000008ae00000, 0x000000008af00000, 0x000000008af00000|100%| E|CS|TAMS 0x000000008ae00000| PB 0x000000008ae00000| Complete 
| 125|0x000000008af00000, 0x000000008b000000, 0x000000008b000000|100%| E|CS|TAMS 0x000000008af00000| PB 0x000000008af00000| Complete 

Card table byte_map: [0x000002067ab80000,0x000002067af70000] _byte_map_base: 0x000002067a767000

Marking Bits: (CMBitMap*) 0x0000020672373de0
 Bits: [0x000002067af70000, 0x000002067cea8000)

Polling page: 0x0000020671ae0000

Metaspace:

Usage:
  Non-class:     13.77 MB used.
      Class:      2.33 MB used.
       Both:     16.10 MB used.

Virtual space:
  Non-class space:       64.00 MB reserved,      13.94 MB ( 22%) committed,  1 nodes.
      Class space:        1.00 GB reserved,       2.50 MB ( <1%) committed,  1 nodes.
             Both:        1.06 GB reserved,      16.44 MB (  2%) committed. 

Chunk freelists:
   Non-Class:  2.06 MB
       Class:  13.52 MB
        Both:  15.58 MB

MaxMetaspaceSize: unlimited
CompressedClassSpaceSize: 1.00 GB
Initial GC threshold: 21.00 MB
Current GC threshold: 21.00 MB
CDS: on
 - commit_granule_bytes: 65536.
 - commit_granule_words: 8192.
 - virtual_space_node_default_size: 8388608.
 - enlarge_chunks_in_place: 1.
 - use_allocation_guard: 0.


Internal statistics:

num_allocs_failed_limit: 0.
num_arena_births: 372.
num_arena_deaths: 0.
num_vsnodes_births: 2.
num_vsnodes_deaths: 0.
num_space_committed: 263.
num_space_uncommitted: 0.
num_chunks_returned_to_freelist: 0.
num_chunks_taken_from_freelist: 900.
num_chunk_merges: 0.
num_chunk_splits: 607.
num_chunks_enlarged: 414.
num_inconsistent_stats: 0.

CodeHeap 'non-profiled nmethods': size=120000Kb used=1186Kb max_used=1186Kb free=118813Kb
 bounds [0x0000020607ad0000, 0x0000020607d40000, 0x000002060f000000]
CodeHeap 'profiled nmethods': size=120000Kb used=6043Kb max_used=6043Kb free=113956Kb
 bounds [0x0000020600000000, 0x00000206005f0000, 0x0000020607530000]
CodeHeap 'non-nmethods': size=5760Kb used=1937Kb max_used=1967Kb free=3822Kb
 bounds [0x0000020607530000, 0x00000206077a0000, 0x0000020607ad0000]
 total_blobs=3629 nmethods=2878 adapters=655
 compilation: enabled
              stopped_count=0, restarted_count=0
 full_count=0

Compilation events (20 events):
Event: 3.331 Thread 0x000002067f387400 nmethod 2849 0x00000206005d3390 code [0x00000206005d35c0, 0x00000206005d3b70]
Event: 3.332 Thread 0x000002067f387400 2850       3       javafx.scene.CssStyleHelper::getTransitionStates (133 bytes)
Event: 3.333 Thread 0x000002067f387400 nmethod 2850 0x00000206005d3d90 code [0x00000206005d4060, 0x00000206005d53c0]
Event: 3.337 Thread 0x000002067f387400 2851   !   3       com.sun.javafx.css.StyleManager::getCacheContainer (152 bytes)
Event: 3.338 Thread 0x000002067f387400 nmethod 2851 0x00000206005d5990 code [0x00000206005d5ca0, 0x00000206005d7558]
Event: 3.339 Thread 0x000002067f387400 2852       3       javafx.scene.Scene::getRoot (22 bytes)
Event: 3.339 Thread 0x000002067f387400 nmethod 2852 0x00000206005d7a90 code [0x00000206005d7c40, 0x00000206005d7f68]
Event: 3.339 Thread 0x000002067f387400 2853       3       javafx.css.Size::pixels (7 bytes)
Event: 3.339 Thread 0x000002067f387400 nmethod 2853 0x00000206005d8090 code [0x00000206005d8260, 0x00000206005d83a0]
Event: 3.340 Thread 0x000002067f387400 2854       3       java.lang.Math::round (70 bytes)
Event: 3.340 Thread 0x000002067f387400 nmethod 2854 0x00000206005d8490 code [0x00000206005d8640, 0x00000206005d8888]
Event: 3.340 Thread 0x000002067f387400 2855       3       java.util.ImmutableCollections$Set12::size (16 bytes)
Event: 3.341 Thread 0x000002067f387400 nmethod 2855 0x00000206005d8910 code [0x00000206005d8ac0, 0x00000206005d8c50]
Event: 3.341 Thread 0x000002067f387400 2856       3       javafx.css.SimpleSelector::stateMatches (19 bytes)
Event: 3.341 Thread 0x000002067f387400 nmethod 2856 0x00000206005d8d10 code [0x00000206005d8ec0, 0x00000206005d90e8]
Event: 3.341 Thread 0x000002067f387400 2859       3       java.util.HashSet::add (20 bytes)
Event: 3.341 Thread 0x000002067f387400 nmethod 2859 0x00000206005d9190 code [0x00000206005d9340, 0x00000206005d9580]
Event: 3.341 Thread 0x000002067f387400 2857       3       javafx.scene.CssStyleHelper::resolveLookups (463 bytes)
Event: 3.344 Thread 0x000002067f387400 nmethod 2857 0x00000206005d9690 code [0x00000206005d9bc0, 0x00000206005dc888]
Event: 3.344 Thread 0x000002067f387400 2860       3       com.sun.javafx.css.CascadingStyle::getParsedValue (11 bytes)

GC Heap History (4 events):
Event: 0.575 GC heap before
{Heap before GC invocations=0 (full 0):
 garbage-first heap   total 129024K, used 13312K [0x0000000083200000, 0x0000000100000000)
  region size 1024K, 13 young (13312K), 0 survivors (0K)
 Metaspace       used 2457K, committed 2624K, reserved 1114112K
  class space    used 256K, committed 320K, reserved 1048576K
}
Event: 0.578 GC heap after
{Heap after GC invocations=1 (full 0):
 garbage-first heap   total 129024K, used 1821K [0x0000000083200000, 0x0000000100000000)
  region size 1024K, 2 young (2048K), 2 survivors (2048K)
 Metaspace       used 2457K, committed 2624K, reserved 1114112K
  class space    used 256K, committed 320K, reserved 1048576K
}
Event: 1.411 GC heap before
{Heap before GC invocations=1 (full 0):
 garbage-first heap   total 129024K, used 23325K [0x0000000083200000, 0x0000000100000000)
  region size 1024K, 24 young (24576K), 2 survivors (2048K)
 Metaspace       used 6084K, committed 6272K, reserved 1114112K
  class space    used 683K, committed 768K, reserved 1048576K
}
Event: 1.418 GC heap after
{Heap after GC invocations=2 (full 0):
 garbage-first heap   total 129024K, used 5587K [0x0000000083200000, 0x0000000100000000)
  region size 1024K, 3 young (3072K), 3 survivors (3072K)
 Metaspace       used 6084K, committed 6272K, reserved 1114112K
  class space    used 683K, committed 768K, reserved 1048576K
}

Dll operation events (20 events):
Event: 0.574 Loaded shared library C:\Users\011ko\.openjfx\cache\23.0.1+4\amd64\api-ms-win-crt-locale-l1-1-0.dll
Event: 0.582 Loaded shared library C:\Users\011ko\.openjfx\cache\23.0.1+4\amd64\api-ms-win-crt-math-l1-1-0.dll
Event: 0.586 Loaded shared library C:\Users\011ko\.openjfx\cache\23.0.1+4\amd64\api-ms-win-crt-multibyte-l1-1-0.dll
Event: 0.608 Loaded shared library C:\Users\011ko\.openjfx\cache\23.0.1+4\amd64\api-ms-win-crt-private-l1-1-0.dll
Event: 0.613 Loaded shared library C:\Users\011ko\.openjfx\cache\23.0.1+4\amd64\api-ms-win-crt-process-l1-1-0.dll
Event: 0.620 Loaded shared library C:\Users\011ko\.openjfx\cache\23.0.1+4\amd64\api-ms-win-crt-runtime-l1-1-0.dll
Event: 0.630 Loaded shared library C:\Users\011ko\.openjfx\cache\23.0.1+4\amd64\api-ms-win-crt-stdio-l1-1-0.dll
Event: 0.634 Loaded shared library C:\Users\011ko\.openjfx\cache\23.0.1+4\amd64\api-ms-win-crt-string-l1-1-0.dll
Event: 0.640 Loaded shared library C:\Users\011ko\.openjfx\cache\23.0.1+4\amd64\api-ms-win-crt-time-l1-1-0.dll
Event: 0.644 Loaded shared library C:\Users\011ko\.openjfx\cache\23.0.1+4\amd64\api-ms-win-crt-utility-l1-1-0.dll
Event: 0.662 Loaded shared library C:\Users\011ko\.openjfx\cache\23.0.1+4\amd64\ucrtbase.dll
Event: 0.668 Loaded shared library C:\Users\011ko\.openjfx\cache\23.0.1+4\amd64\vcruntime140.dll
Event: 0.672 Loaded shared library C:\Users\011ko\.openjfx\cache\23.0.1+4\amd64\vcruntime140_1.dll
Event: 0.686 Loaded shared library C:\Users\011ko\.openjfx\cache\23.0.1+4\amd64\msvcp140.dll
Event: 0.719 Loaded shared library C:\Users\011ko\.openjfx\cache\23.0.1+4\amd64\msvcp140_1.dll
Event: 0.730 Loaded shared library C:\Users\011ko\.openjfx\cache\23.0.1+4\amd64\msvcp140_2.dll
Event: 0.818 Loaded shared library C:\Users\011ko\.openjfx\cache\23.0.1+4\amd64\prism_d3d.dll
Event: 0.911 Loaded shared library C:\Users\011ko\.openjfx\cache\23.0.1+4\amd64\glass.dll
Event: 1.085 Loaded shared library C:\Program Files\Java\jdk-21\bin\jimage.dll
Event: 1.765 Loaded shared library C:\Users\011ko\.openjfx\cache\23.0.1+4\amd64\javafx_font.dll

Deoptimization events (20 events):
Event: 3.090 Thread 0x0000020654373ac0 Uncommon trap: trap_request=0xffffffd6 fr.pc=0x0000020607bdfab8 relative=0x0000000000000838
Event: 3.090 Thread 0x0000020654373ac0 Uncommon trap: reason=array_check action=maybe_recompile pc=0x0000020607bdfab8 method=javafx.css.SimpleSelector.applies(Ljavafx/css/Styleable;[Ljava/util/Set;I)Z @ 37 c2
Event: 3.090 Thread 0x0000020654373ac0 DEOPT PACKING pc=0x0000020607bdfab8 sp=0x000000bfdaefced0
Event: 3.090 Thread 0x0000020654373ac0 DEOPT UNPACKING pc=0x0000020607587da2 sp=0x000000bfdaefce88 mode 2
Event: 3.090 Thread 0x0000020654373ac0 Uncommon trap: trap_request=0xffffffd6 fr.pc=0x0000020607bdfab8 relative=0x0000000000000838
Event: 3.090 Thread 0x0000020654373ac0 Uncommon trap: reason=array_check action=maybe_recompile pc=0x0000020607bdfab8 method=javafx.css.SimpleSelector.applies(Ljavafx/css/Styleable;[Ljava/util/Set;I)Z @ 37 c2
Event: 3.090 Thread 0x0000020654373ac0 DEOPT PACKING pc=0x0000020607bdfab8 sp=0x000000bfdaefced0
Event: 3.090 Thread 0x0000020654373ac0 DEOPT UNPACKING pc=0x0000020607587da2 sp=0x000000bfdaefce88 mode 2
Event: 3.125 Thread 0x0000020654373ac0 Uncommon trap: trap_request=0xffffff45 fr.pc=0x0000020607b8bc94 relative=0x00000000000001f4
Event: 3.125 Thread 0x0000020654373ac0 Uncommon trap: reason=unstable_if action=reinterpret pc=0x0000020607b8bc94 method=java.io.ByteArrayInputStream.read()I @ 8 c2
Event: 3.125 Thread 0x0000020654373ac0 DEOPT PACKING pc=0x0000020607b8bc94 sp=0x000000bfdaefbf20
Event: 3.125 Thread 0x0000020654373ac0 DEOPT UNPACKING pc=0x0000020607587da2 sp=0x000000bfdaefbec8 mode 2
Event: 3.200 Thread 0x0000020654373ac0 Uncommon trap: trap_request=0xffffffd6 fr.pc=0x0000020607be7be8 relative=0x0000000000002308
Event: 3.200 Thread 0x0000020654373ac0 Uncommon trap: reason=array_check action=maybe_recompile pc=0x0000020607be7be8 method=javafx.css.SimpleSelector.applies(Ljavafx/css/Styleable;[Ljava/util/Set;I)Z @ 37 c2
Event: 3.200 Thread 0x0000020654373ac0 DEOPT PACKING pc=0x0000020607be7be8 sp=0x000000bfdaefca50
Event: 3.200 Thread 0x0000020654373ac0 DEOPT UNPACKING pc=0x0000020607587da2 sp=0x000000bfdaefc9b0 mode 2
Event: 3.200 Thread 0x0000020654373ac0 Uncommon trap: trap_request=0xffffff45 fr.pc=0x0000020607bd7868 relative=0x0000000000004008
Event: 3.200 Thread 0x0000020654373ac0 Uncommon trap: reason=unstable_if action=reinterpret pc=0x0000020607bd7868 method=javafx.css.CssLexer.getToken()Lcom/sun/javafx/css/parser/Token; @ 205 c2
Event: 3.200 Thread 0x0000020654373ac0 DEOPT PACKING pc=0x0000020607bd7868 sp=0x000000bfdaefc790
Event: 3.200 Thread 0x0000020654373ac0 DEOPT UNPACKING pc=0x0000020607587da2 sp=0x000000bfdaefc788 mode 2

Classes loaded (20 events):
Event: 3.125 Loading class jdk/internal/icu/impl/ICUBinary$Authenticate done
Event: 3.125 Loading class jdk/internal/icu/impl/UBiDiProps$IsAcceptable done
Event: 3.126 Loading class jdk/internal/icu/impl/Trie2_16
Event: 3.126 Loading class jdk/internal/icu/impl/Trie2
Event: 3.126 Loading class jdk/internal/icu/impl/Trie2 done
Event: 3.126 Loading class jdk/internal/icu/impl/Trie2_16 done
Event: 3.126 Loading class jdk/internal/icu/impl/Trie2$1
Event: 3.126 Loading class jdk/internal/icu/impl/Trie2$ValueMapper
Event: 3.126 Loading class jdk/internal/icu/impl/Trie2$ValueMapper done
Event: 3.126 Loading class jdk/internal/icu/impl/Trie2$1 done
Event: 3.126 Loading class jdk/internal/icu/impl/Trie2$UTrie2Header
Event: 3.126 Loading class jdk/internal/icu/impl/Trie2$UTrie2Header done
Event: 3.127 Loading class jdk/internal/foreign/MemorySessionImpl
Event: 3.128 Loading class java/lang/foreign/MemorySegment$Scope
Event: 3.128 Loading class java/lang/foreign/MemorySegment$Scope done
Event: 3.128 Loading class jdk/internal/foreign/MemorySessionImpl done
Event: 3.129 Loading class jdk/internal/icu/text/UTF16
Event: 3.130 Loading class jdk/internal/icu/text/UTF16 done
Event: 3.130 Loading class jdk/internal/icu/text/BidiLine
Event: 3.130 Loading class jdk/internal/icu/text/BidiLine done

Classes unloaded (0 events):
No events

Classes redefined (0 events):
No events

Internal exceptions (20 events):
Event: 2.375 Thread 0x0000020654373ac0 Exception <a 'java/lang/NoSuchMethodError'{0x00000000893f3e40}: 'void java.lang.invoke.DirectMethodHandle$Holder.invokeSpecial(java.lang.Object, java.lang.Object, int)'> (0x00000000893f3e40) 
thrown [s\open\src\hotspot\share\interpreter\linkResolver.cpp, line 773]
Event: 2.375 Thread 0x0000020654373ac0 Exception <a 'java/lang/NoSuchMethodError'{0x00000000893f8078}: 'int java.lang.invoke.DirectMethodHandle$Holder.invokeSpecial(java.lang.Object, java.lang.Object, java.lang.Object, int)'> (0x00000000893f8078) 
thrown [s\open\src\hotspot\share\interpreter\linkResolver.cpp, line 773]
Event: 2.376 Thread 0x0000020654373ac0 Exception <a 'java/lang/NoSuchMethodError'{0x0000000089202668}: 'void java.lang.invoke.DelegatingMethodHandle$Holder.reinvoke_L(java.lang.Object, java.lang.Object, int)'> (0x0000000089202668) 
thrown [s\open\src\hotspot\share\interpreter\linkResolver.cpp, line 773]
Event: 2.393 Thread 0x0000020654373ac0 Exception <a 'java/lang/NoSuchMethodError'{0x00000000892722f0}: 'java.lang.Object java.lang.invoke.DirectMethodHandle$Holder.newInvokeSpecial(java.lang.Object, double)'> (0x00000000892722f0) 
thrown [s\open\src\hotspot\share\interpreter\linkResolver.cpp, line 773]
Event: 2.472 Thread 0x0000020654373ac0 Exception <a 'java/lang/NoSuchMethodError'{0x0000000088f59700}: 'void java.lang.invoke.DirectMethodHandle$Holder.invokeSpecial(java.lang.Object, java.lang.Object, java.lang.Object, java.lang.Object, java.lang.Object, java.lang.Object)'> (0x0000000088f59700) 
thrown [s\open\src\hotspot\share\interpreter\linkResolver.cpp, line 773]
Event: 2.839 Thread 0x0000020654373ac0 Exception <a 'java/lang/ClassNotFoundException'{0x0000000088654af0}: com/sun/javafx/scene/control/skin/resources/controls> (0x0000000088654af0) 
thrown [s\open\src\hotspot\share\prims\jni.cpp, line 539]
Event: 2.840 Thread 0x0000020654373ac0 Exception <a 'java/lang/ClassNotFoundException'{0x0000000088662f30}: com/sun/javafx/scene/control/skin/resources/controls_ru> (0x0000000088662f30) 
thrown [s\open\src\hotspot\share\prims\jni.cpp, line 539]
Event: 2.840 Thread 0x0000020654373ac0 Exception <a 'java/lang/ClassNotFoundException'{0x0000000088663ed8}: com/sun/javafx/scene/control/skin/resources/controls_ru_RU> (0x0000000088663ed8) 
thrown [s\open\src\hotspot\share\prims\jni.cpp, line 539]
Event: 2.842 Thread 0x0000020654373ac0 Exception <a 'java/lang/NoSuchMethodError'{0x000000008867da70}: 'void java.lang.invoke.DirectMethodHandle$Holder.invokeSpecialIFC(java.lang.Object, java.lang.Object, java.lang.Object)'> (0x000000008867da70) 
thrown [s\open\src\hotspot\share\interpreter\linkResolver.cpp, line 773]
Event: 2.862 Thread 0x0000020654373ac0 Exception <a 'java/io/FileNotFoundException'{0x00000000885554d0}> (0x00000000885554d0) 
thrown [s\open\src\hotspot\share\prims\jni.cpp, line 520]
Event: 2.895 Thread 0x0000020654373ac0 Implicit null exception at 0x0000020607bb8618 to 0x0000020607bb8828
Event: 2.896 Thread 0x0000020654373ac0 Implicit null exception at 0x0000020607b9cd66 to 0x0000020607b9ce0a
Event: 3.008 Thread 0x0000020654373ac0 Implicit null exception at 0x0000020607bb7818 to 0x0000020607bb7a24
Event: 3.008 Thread 0x0000020654373ac0 Implicit null exception at 0x0000020607b9af3d to 0x0000020607b9afc1
Event: 3.072 Thread 0x0000020654373ac0 Exception <a 'java/lang/IncompatibleClassChangeError'{0x0000000087c3c248}: Found class java.lang.Object, but interface was expected> (0x0000000087c3c248) 
thrown [s\open\src\hotspot\share\interpreter\linkResolver.cpp, line 840]
Event: 3.142 Thread 0x0000020654373ac0 Exception <a 'java/io/FileNotFoundException'{0x0000000087b966f0}> (0x0000000087b966f0) 
thrown [s\open\src\hotspot\share\prims\jni.cpp, line 520]
Event: 3.143 Thread 0x0000020654373ac0 Exception <a 'java/io/FileNotFoundException'{0x0000000087b983b8}> (0x0000000087b983b8) 
thrown [s\open\src\hotspot\share\prims\jni.cpp, line 520]
Event: 3.149 Thread 0x0000020654373ac0 Exception <a 'java/io/FileNotFoundException'{0x0000000087bd9430}> (0x0000000087bd9430) 
thrown [s\open\src\hotspot\share\prims\jni.cpp, line 520]
Event: 3.149 Thread 0x0000020654373ac0 Exception <a 'java/io/FileNotFoundException'{0x0000000087bdab60}> (0x0000000087bdab60) 
thrown [s\open\src\hotspot\share\prims\jni.cpp, line 520]
Event: 3.192 Thread 0x0000020654373ac0 Exception <a 'java/lang/NoSuchMethodError'{0x0000000087add5d8}: 'int java.lang.invoke.DirectMethodHandle$Holder.invokeSpecial(java.lang.Object, java.lang.Object, int)'> (0x0000000087add5d8) 
thrown [s\open\src\hotspot\share\interpreter\linkResolver.cpp, line 773]

ZGC Phase Switch (0 events):
No events

VM Operations (20 events):
Event: 1.992 Executing VM operation: HandshakeAllThreads (Deoptimize)
Event: 1.992 Executing VM operation: HandshakeAllThreads (Deoptimize) done
Event: 2.070 Executing VM operation: HandshakeAllThreads (Deoptimize)
Event: 2.070 Executing VM operation: HandshakeAllThreads (Deoptimize) done
Event: 2.380 Executing VM operation: ICBufferFull
Event: 2.380 Executing VM operation: ICBufferFull done
Event: 2.843 Executing VM operation: ICBufferFull
Event: 2.843 Executing VM operation: ICBufferFull done
Event: 2.845 Executing VM operation: HandshakeAllThreads (Deoptimize)
Event: 2.845 Executing VM operation: HandshakeAllThreads (Deoptimize) done
Event: 2.851 Executing VM operation: HandshakeAllThreads (Deoptimize)
Event: 2.851 Executing VM operation: HandshakeAllThreads (Deoptimize) done
Event: 3.043 Executing VM operation: HandshakeAllThreads (Deoptimize)
Event: 3.043 Executing VM operation: HandshakeAllThreads (Deoptimize) done
Event: 3.043 Executing VM operation: HandshakeAllThreads (Deoptimize)
Event: 3.043 Executing VM operation: HandshakeAllThreads (Deoptimize) done
Event: 3.194 Executing VM operation: ICBufferFull
Event: 3.194 Executing VM operation: ICBufferFull done
Event: 3.336 Executing VM operation: HandshakeAllThreads (Deoptimize)
Event: 3.336 Executing VM operation: HandshakeAllThreads (Deoptimize) done

Events (20 events):
Event: 0.045 Thread 0x000002067f383110 Thread added: 0x000002067f383110
Event: 0.045 Thread 0x000002067f383c60 Thread added: 0x000002067f383c60
Event: 0.045 Thread 0x000002067f386960 Thread added: 0x000002067f386960
Event: 0.045 Thread 0x000002067f387400 Thread added: 0x000002067f387400
Event: 0.075 Thread 0x000002067f353bf0 Thread added: 0x000002067f353bf0
Event: 0.150 Thread 0x000002067f6349a0 Thread added: 0x000002067f6349a0
Event: 0.255 Thread 0x000002065412b7e0 Thread added: 0x000002065412b7e0
Event: 0.255 Thread 0x000002065412be50 Thread added: 0x000002065412be50
Event: 0.531 Thread 0x000002067f6349a0 Thread exited: 0x000002067f6349a0
Event: 0.801 Thread 0x00000206544221a0 Thread added: 0x00000206544221a0
Event: 0.914 Thread 0x0000020654372460 Thread added: 0x0000020654372460
Event: 0.917 Thread 0x0000020654373ac0 Thread added: 0x0000020654373ac0
Event: 1.052 Thread 0x0000020654790e10 Thread added: 0x0000020654790e10
Event: 1.070 Thread 0x0000020654787a10 Thread added: 0x0000020654787a10
Event: 1.101 Thread 0x00000206598db660 Thread added: 0x00000206598db660
Event: 1.833 Thread 0x0000020659a58e30 Thread added: 0x0000020659a58e30
Event: 1.910 Thread 0x00000206598db660 Thread exited: 0x00000206598db660
Event: 2.293 Thread 0x000002067f3ad900 Thread added: 0x000002067f3ad900
Event: 2.831 Thread 0x000002067f3ad900 Thread exited: 0x000002067f3ad900
Event: 2.902 Thread 0x0000020659b09f20 Thread added: 0x0000020659b09f20


Dynamic libraries:
0x00007ff6839d0000 - 0x00007ff6839e0000 	C:\Program Files\Java\jdk-21\bin\java.exe
0x00007ff950f10000 - 0x00007ff951127000 	C:\WINDOWS\SYSTEM32\ntdll.dll
0x00007ff94f520000 - 0x00007ff94f5e4000 	C:\WINDOWS\System32\KERNEL32.DLL
0x00007ff94e300000 - 0x00007ff94e6ba000 	C:\WINDOWS\System32\KERNELBASE.dll
0x00007ff94e840000 - 0x00007ff94e951000 	C:\WINDOWS\System32\ucrtbase.dll
0x00007ff9473c0000 - 0x00007ff9473db000 	C:\Program Files\Java\jdk-21\bin\VCRUNTIME140.dll
0x00007ff9495b0000 - 0x00007ff9495c9000 	C:\Program Files\Java\jdk-21\bin\jli.dll
0x00007ff94fd20000 - 0x00007ff94fdd2000 	C:\WINDOWS\System32\ADVAPI32.dll
0x00007ff94ed10000 - 0x00007ff94edb7000 	C:\WINDOWS\System32\msvcrt.dll
0x00007ff94f8d0000 - 0x00007ff94f977000 	C:\WINDOWS\System32\sechost.dll
0x00007ff94e740000 - 0x00007ff94e768000 	C:\WINDOWS\System32\bcrypt.dll
0x00007ff950db0000 - 0x00007ff950ec4000 	C:\WINDOWS\System32\RPCRT4.dll
0x00007ff94f220000 - 0x00007ff94f3ce000 	C:\WINDOWS\System32\USER32.dll
0x00007ff94e770000 - 0x00007ff94e796000 	C:\WINDOWS\System32\win32u.dll
0x00007ff950c70000 - 0x00007ff950c99000 	C:\WINDOWS\System32\GDI32.dll
0x00007ff94e1e0000 - 0x00007ff94e2fb000 	C:\WINDOWS\System32\gdi32full.dll
0x00007ff9326c0000 - 0x00007ff932952000 	C:\WINDOWS\WinSxS\amd64_microsoft.windows.common-controls_6595b64144ccf1df_6.0.22621.4541_none_2710d1c57384c085\COMCTL32.dll
0x00007ff94e7a0000 - 0x00007ff94e83a000 	C:\WINDOWS\System32\msvcp_win.dll
0x00007ff948430000 - 0x00007ff94843a000 	C:\WINDOWS\SYSTEM32\VERSION.dll
0x00007ff94f430000 - 0x00007ff94f461000 	C:\WINDOWS\System32\IMM32.DLL
0x00007ff947f90000 - 0x00007ff947f9c000 	C:\Program Files\Java\jdk-21\bin\vcruntime140_1.dll
0x00007ff93f440000 - 0x00007ff93f4ce000 	C:\Program Files\Java\jdk-21\bin\msvcp140.dll
0x00007ff8b2660000 - 0x00007ff8b3373000 	C:\Program Files\Java\jdk-21\bin\server\jvm.dll
0x00007ff94f4a0000 - 0x00007ff94f511000 	C:\WINDOWS\System32\WS2_32.dll
0x00007ff94da10000 - 0x00007ff94da5d000 	C:\WINDOWS\SYSTEM32\POWRPROF.dll
0x00007ff94bda0000 - 0x00007ff94bdd4000 	C:\WINDOWS\SYSTEM32\WINMM.dll
0x00007ff94d9d0000 - 0x00007ff94d9e3000 	C:\WINDOWS\SYSTEM32\UMPDC.dll
0x00007ff94d1f0000 - 0x00007ff94d208000 	C:\WINDOWS\SYSTEM32\kernel.appcore.dll
0x00007ff9473b0000 - 0x00007ff9473ba000 	C:\Program Files\Java\jdk-21\bin\jimage.dll
0x00007ff94b790000 - 0x00007ff94b9c2000 	C:\WINDOWS\SYSTEM32\DBGHELP.DLL
0x00007ff94f990000 - 0x00007ff94fd1f000 	C:\WINDOWS\System32\combase.dll
0x00007ff94f640000 - 0x00007ff94f717000 	C:\WINDOWS\System32\OLEAUT32.dll
0x00007ff916490000 - 0x00007ff9164c2000 	C:\WINDOWS\SYSTEM32\dbgcore.DLL
0x00007ff94e6c0000 - 0x00007ff94e73b000 	C:\WINDOWS\System32\bcryptPrimitives.dll
0x00007ff947390000 - 0x00007ff94739f000 	C:\Program Files\Java\jdk-21\bin\instrument.dll
0x00007ff945e50000 - 0x00007ff945e6f000 	C:\Program Files\Java\jdk-21\bin\java.dll
0x00007ff94fde0000 - 0x00007ff950658000 	C:\WINDOWS\System32\SHELL32.dll
0x00007ff94c0d0000 - 0x00007ff94c9d8000 	C:\WINDOWS\SYSTEM32\windows.storage.dll
0x00007ff94bf90000 - 0x00007ff94c0cf000 	C:\WINDOWS\SYSTEM32\wintypes.dll
0x00007ff94ec10000 - 0x00007ff94ed0a000 	C:\WINDOWS\System32\SHCORE.dll
0x00007ff950cc0000 - 0x00007ff950d1e000 	C:\WINDOWS\System32\shlwapi.dll
0x00007ff94e110000 - 0x00007ff94e13b000 	C:\WINDOWS\SYSTEM32\profapi.dll
0x00007ff908540000 - 0x00007ff908617000 	C:\Program Files\Java\jdk-21\bin\jsvml.dll
0x00007ff947380000 - 0x00007ff947390000 	C:\Program Files\Java\jdk-21\bin\net.dll
0x00007ff949c10000 - 0x00007ff949d46000 	C:\WINDOWS\SYSTEM32\WINHTTP.dll
0x00007ff94d710000 - 0x00007ff94d779000 	C:\WINDOWS\system32\mswsock.dll
0x00007ff93fab0000 - 0x00007ff93fac6000 	C:\Program Files\Java\jdk-21\bin\nio.dll
0x00007ff93fa90000 - 0x00007ff93faa8000 	C:\Program Files\Java\jdk-21\bin\zip.dll
0x00007ff93f420000 - 0x00007ff93f43a000 	C:\Program Files\JetBrains\IntelliJIdea2024.1\bin\breakgen64.dll
0x000002067f900000 - 0x000002067f903000 	C:\Users\011ko\.openjfx\cache\23.0.1+4\amd64\api-ms-win-core-console-l1-1-0.dll
0x000002067f910000 - 0x000002067f913000 	C:\Users\011ko\.openjfx\cache\23.0.1+4\amd64\api-ms-win-core-console-l1-2-0.dll
0x000002067f920000 - 0x000002067f923000 	C:\Users\011ko\.openjfx\cache\23.0.1+4\amd64\api-ms-win-core-datetime-l1-1-0.dll
0x000002067f930000 - 0x000002067f933000 	C:\Users\011ko\.openjfx\cache\23.0.1+4\amd64\api-ms-win-core-debug-l1-1-0.dll
0x000002067f940000 - 0x000002067f943000 	C:\Users\011ko\.openjfx\cache\23.0.1+4\amd64\api-ms-win-core-errorhandling-l1-1-0.dll
0x000002067f950000 - 0x000002067f954000 	C:\Users\011ko\.openjfx\cache\23.0.1+4\amd64\api-ms-win-core-file-l1-1-0.dll
0x000002067f960000 - 0x000002067f963000 	C:\Users\011ko\.openjfx\cache\23.0.1+4\amd64\api-ms-win-core-file-l1-2-0.dll
0x000002067f970000 - 0x000002067f973000 	C:\Users\011ko\.openjfx\cache\23.0.1+4\amd64\api-ms-win-core-file-l2-1-0.dll
0x000002067f980000 - 0x000002067f983000 	C:\Users\011ko\.openjfx\cache\23.0.1+4\amd64\api-ms-win-core-handle-l1-1-0.dll
0x000002067f990000 - 0x000002067f993000 	C:\Users\011ko\.openjfx\cache\23.0.1+4\amd64\api-ms-win-core-heap-l1-1-0.dll
0x000002067f9a0000 - 0x000002067f9a3000 	C:\Users\011ko\.openjfx\cache\23.0.1+4\amd64\api-ms-win-core-interlocked-l1-1-0.dll
0x000002067f9b0000 - 0x000002067f9b3000 	C:\Users\011ko\.openjfx\cache\23.0.1+4\amd64\api-ms-win-core-libraryloader-l1-1-0.dll
0x000002067f9c0000 - 0x000002067f9c3000 	C:\Users\011ko\.openjfx\cache\23.0.1+4\amd64\api-ms-win-core-localization-l1-2-0.dll
0x000002067f9d0000 - 0x000002067f9d3000 	C:\Users\011ko\.openjfx\cache\23.0.1+4\amd64\api-ms-win-core-memory-l1-1-0.dll
0x000002067f9e0000 - 0x000002067f9e3000 	C:\Users\011ko\.openjfx\cache\23.0.1+4\amd64\api-ms-win-core-namedpipe-l1-1-0.dll
0x000002067f9f0000 - 0x000002067f9f3000 	C:\Users\011ko\.openjfx\cache\23.0.1+4\amd64\api-ms-win-core-processenvironment-l1-1-0.dll
0x000002067fa00000 - 0x000002067fa03000 	C:\Users\011ko\.openjfx\cache\23.0.1+4\amd64\api-ms-win-core-processthreads-l1-1-0.dll
0x000002067fa10000 - 0x000002067fa13000 	C:\Users\011ko\.openjfx\cache\23.0.1+4\amd64\api-ms-win-core-processthreads-l1-1-1.dll
0x000002067fa20000 - 0x000002067fa23000 	C:\Users\011ko\.openjfx\cache\23.0.1+4\amd64\api-ms-win-core-profile-l1-1-0.dll
0x000002067fa30000 - 0x000002067fa33000 	C:\Users\011ko\.openjfx\cache\23.0.1+4\amd64\api-ms-win-core-rtlsupport-l1-1-0.dll
0x000002067fa40000 - 0x000002067fa43000 	C:\Users\011ko\.openjfx\cache\23.0.1+4\amd64\api-ms-win-core-string-l1-1-0.dll
0x000002067fa50000 - 0x000002067fa53000 	C:\Users\011ko\.openjfx\cache\23.0.1+4\amd64\api-ms-win-core-synch-l1-1-0.dll
0x000002067fa60000 - 0x000002067fa63000 	C:\Users\011ko\.openjfx\cache\23.0.1+4\amd64\api-ms-win-core-synch-l1-2-0.dll
0x000002067fa70000 - 0x000002067fa73000 	C:\Users\011ko\.openjfx\cache\23.0.1+4\amd64\api-ms-win-core-sysinfo-l1-1-0.dll
0x000002067fa80000 - 0x000002067fa83000 	C:\Users\011ko\.openjfx\cache\23.0.1+4\amd64\api-ms-win-core-timezone-l1-1-0.dll
0x000002067fa90000 - 0x000002067fa93000 	C:\Users\011ko\.openjfx\cache\23.0.1+4\amd64\api-ms-win-core-util-l1-1-0.dll
0x000002067faa0000 - 0x000002067faa3000 	C:\Users\011ko\.openjfx\cache\23.0.1+4\amd64\api-ms-win-crt-conio-l1-1-0.dll
0x000002067fab0000 - 0x000002067fab4000 	C:\Users\011ko\.openjfx\cache\23.0.1+4\amd64\api-ms-win-crt-convert-l1-1-0.dll
0x000002067fac0000 - 0x000002067fac3000 	C:\Users\011ko\.openjfx\cache\23.0.1+4\amd64\api-ms-win-crt-environment-l1-1-0.dll
0x000002067fad0000 - 0x000002067fad3000 	C:\Users\011ko\.openjfx\cache\23.0.1+4\amd64\api-ms-win-crt-filesystem-l1-1-0.dll
0x000002067fae0000 - 0x000002067fae3000 	C:\Users\011ko\.openjfx\cache\23.0.1+4\amd64\api-ms-win-crt-heap-l1-1-0.dll
0x000002067faf0000 - 0x000002067faf3000 	C:\Users\011ko\.openjfx\cache\23.0.1+4\amd64\api-ms-win-crt-locale-l1-1-0.dll
0x000002067fb00000 - 0x000002067fb05000 	C:\Users\011ko\.openjfx\cache\23.0.1+4\amd64\api-ms-win-crt-math-l1-1-0.dll
0x000002067fb10000 - 0x000002067fb15000 	C:\Users\011ko\.openjfx\cache\23.0.1+4\amd64\api-ms-win-crt-multibyte-l1-1-0.dll
0x000002067fb20000 - 0x000002067fb30000 	C:\Users\011ko\.openjfx\cache\23.0.1+4\amd64\api-ms-win-crt-private-l1-1-0.dll
0x000002067fb30000 - 0x000002067fb33000 	C:\Users\011ko\.openjfx\cache\23.0.1+4\amd64\api-ms-win-crt-process-l1-1-0.dll
0x000002067fb40000 - 0x000002067fb44000 	C:\Users\011ko\.openjfx\cache\23.0.1+4\amd64\api-ms-win-crt-runtime-l1-1-0.dll
0x000002067fb50000 - 0x000002067fb54000 	C:\Users\011ko\.openjfx\cache\23.0.1+4\amd64\api-ms-win-crt-stdio-l1-1-0.dll
0x000002067fb60000 - 0x000002067fb64000 	C:\Users\011ko\.openjfx\cache\23.0.1+4\amd64\api-ms-win-crt-string-l1-1-0.dll
0x000002067fb70000 - 0x000002067fb73000 	C:\Users\011ko\.openjfx\cache\23.0.1+4\amd64\api-ms-win-crt-time-l1-1-0.dll
0x000002067fb80000 - 0x000002067fb83000 	C:\Users\011ko\.openjfx\cache\23.0.1+4\amd64\api-ms-win-crt-utility-l1-1-0.dll
0x00007ff9202f0000 - 0x00007ff9203ec000 	C:\Users\011ko\.openjfx\cache\23.0.1+4\amd64\ucrtbase.dll
0x00007ff948a60000 - 0x00007ff948a7b000 	C:\Users\011ko\.openjfx\cache\23.0.1+4\amd64\vcruntime140.dll
0x00007ff9495d0000 - 0x00007ff9495dc000 	C:\Users\011ko\.openjfx\cache\23.0.1+4\amd64\vcruntime140_1.dll
0x00007ff9489d0000 - 0x00007ff948a5e000 	C:\Users\011ko\.openjfx\cache\23.0.1+4\amd64\msvcp140.dll
0x00007ff9489a0000 - 0x00007ff9489a9000 	C:\Users\011ko\.openjfx\cache\23.0.1+4\amd64\msvcp140_1.dll
0x00007ff93bba0000 - 0x00007ff93bbe1000 	C:\Users\011ko\.openjfx\cache\23.0.1+4\amd64\msvcp140_2.dll
0x00007ff948920000 - 0x00007ff948950000 	C:\Users\011ko\.openjfx\cache\23.0.1+4\amd64\prism_d3d.dll
0x00007ff915890000 - 0x00007ff915a38000 	C:\WINDOWS\system32\d3d9.dll
0x00007ff94a900000 - 0x00007ff94a92b000 	C:\WINDOWS\SYSTEM32\dwmapi.dll
0x00007ff94ad60000 - 0x00007ff94ad97000 	C:\WINDOWS\SYSTEM32\dxcore.dll
0x00007ff94a7e0000 - 0x00007ff94a891000 	C:\WINDOWS\system32\uxtheme.dll
0x00007ff8f7bf0000 - 0x00007ff8f7d55000 	C:\WINDOWS\System32\DriverStore\FileRepository\iigd_dch.inf_amd64_5dc1a2977f07512e\igdumdim64.dll
0x00007ff94f720000 - 0x00007ff94f8c5000 	C:\WINDOWS\System32\ole32.dll
0x00007ff8f3f60000 - 0x00007ff8f7beb000 	C:\WINDOWS\System32\DriverStore\FileRepository\iigd_dch.inf_amd64_5dc1a2977f07512e\igd9dxva64.dll
0x00007ff9507f0000 - 0x00007ff950c64000 	C:\WINDOWS\System32\SETUPAPI.dll
0x00007ff94ded0000 - 0x00007ff94df1e000 	C:\WINDOWS\SYSTEM32\cfgmgr32.dll
0x00007ff941a90000 - 0x00007ff941dc6000 	C:\WINDOWS\System32\DriverStore\FileRepository\iigd_dch.inf_amd64_5dc1a2977f07512e\igdgmm64.dll
0x00007ff945920000 - 0x00007ff945969000 	C:\WINDOWS\SYSTEM32\directxdatabasehelper.dll
0x00007ff920870000 - 0x00007ff9208b5000 	C:\Users\011ko\.openjfx\cache\23.0.1+4\amd64\glass.dll
0x00007ff9506f0000 - 0x00007ff9507f0000 	C:\WINDOWS\System32\COMDLG32.dll
0x00007ff94f040000 - 0x00007ff94f1a1000 	C:\WINDOWS\System32\MSCTF.dll
0x00007ff8ef3c0000 - 0x00007ff8ef3e7000 	C:\WINDOWS\System32\DriverStore\FileRepository\iigd_dch.inf_amd64_5dc1a2977f07512e\igdinfo64.dll
0x00007ff93c300000 - 0x00007ff93f08f000 	C:\WINDOWS\System32\DriverStore\FileRepository\iigd_dch.inf_amd64_5dc1a2977f07512e\igc64.dll
0x00007ff94ef90000 - 0x00007ff94f040000 	C:\WINDOWS\System32\clbcatq.dll
0x00007ff93b410000 - 0x00007ff93b58d000 	C:\Windows\System32\Windows.UI.dll
0x00007ff92ef50000 - 0x00007ff92f0c5000 	C:\Windows\System32\Windows.UI.Immersive.dll
0x00007ff947f40000 - 0x00007ff947f55000 	C:\Users\011ko\.openjfx\cache\23.0.1+4\amd64\javafx_font.dll
0x00007ff94adf0000 - 0x00007ff94b063000 	C:\WINDOWS\SYSTEM32\dwrite.dll
0x00007ff94d970000 - 0x00007ff94d98b000 	C:\WINDOWS\SYSTEM32\CRYPTSP.dll
0x00007ff94d150000 - 0x00007ff94d185000 	C:\WINDOWS\system32\rsaenh.dll
0x00007ff94d800000 - 0x00007ff94d828000 	C:\WINDOWS\SYSTEM32\USERENV.dll
0x00007ff94d990000 - 0x00007ff94d99c000 	C:\WINDOWS\SYSTEM32\CRYPTBASE.dll
0x00007ff94cc80000 - 0x00007ff94ccad000 	C:\WINDOWS\SYSTEM32\IPHLPAPI.DLL
0x00007ff94f980000 - 0x00007ff94f989000 	C:\WINDOWS\System32\NSI.dll
0x00007ff94a5f0000 - 0x00007ff94a7a0000 	C:\WINDOWS\SYSTEM32\WindowsCodecs.dll
0x00007ff92b3e0000 - 0x00007ff92b43e000 	C:\WINDOWS\system32\dataexchange.dll
0x00007ff9444d0000 - 0x00007ff944774000 	C:\WINDOWS\system32\twinapi.appcore.dll
0x00007ff92d6e0000 - 0x00007ff92d712000 	C:\Program Files\Common Files\Microsoft Shared\Ink\rtscom.dll

dbghelp: loaded successfully - version: 4.0.5 - missing functions: none
symbol engine: initialized successfully - sym options: 0x614 - pdb path: .;C:\Program Files\Java\jdk-21\bin;C:\WINDOWS\SYSTEM32;C:\WINDOWS\WinSxS\amd64_microsoft.windows.common-controls_6595b64144ccf1df_6.0.22621.4541_none_2710d1c57384c085;C:\Program Files\Java\jdk-21\bin\server;C:\Program Files\JetBrains\IntelliJIdea2024.1\bin;C:\Users\011ko\.openjfx\cache\23.0.1+4\amd64;C:\WINDOWS\System32\DriverStore\FileRepository\iigd_dch.inf_amd64_5dc1a2977f07512e;C:\Program Files\Common Files\Microsoft Shared\Ink

VM Arguments:
jvm_args: -javaagent:C:\Program Files\JetBrains\IntelliJIdea2024.1\lib\idea_rt.jar=10511:C:\Program Files\JetBrains\IntelliJIdea2024.1\bin -Dfile.encoding=UTF-8 -Dsun.stdout.encoding=UTF-8 -Dsun.stderr.encoding=UTF-8 --module-path=C:\Users\011ko\.m2\repository\org\controlsfx\controlsfx\11.2.1\controlsfx-11.2.1.jar;C:\Users\011ko\.m2\repository\org\openjfx\javafx-base\23.0.1\javafx-base-23.0.1-win.jar;C:\Users\011ko\.m2\repository\org\kordamp\bootstrapfx\bootstrapfx-core\0.4.0\bootstrapfx-core-0.4.0.jar;C:\Users\011ko\.m2\repository\org\kordamp\ikonli\ikonli-javafx\12.3.1\ikonli-javafx-12.3.1.jar;C:\Users\011ko\.m2\repository\org\openjfx\javafx-fxml\23.0.1\javafx-fxml-23.0.1-win.jar;C:\Users\011ko\.m2\repository\com\google\code\gson\gson\2.10.1\gson-2.10.1.jar;C:\Users\011ko\.m2\repository\org\openjfx\javafx-controls\23.0.1\javafx-controls-23.0.1-win.jar;C:\Users\011ko\.m2\repository\org\openjfx\javafx-graphics\23.0.1\javafx-graphics-23.0.1-win.jar;C:\Users\011ko\.m2\repository\de\jensd\fontawesomefx-fontawesome\4.7.0-9.1.2\fontawesomefx-fontawesome-4.7.0-9.1.2.jar;C:\Users\011ko\.m2\repository\org\kordamp\ikonli\ikonli-core\12.3.1\ikonli-core-12.3.1.jar;C:\Users\011ko\.m2\repository\de\jensd\fontawesomefx-commons\9.1.2\fontawesomefx-commons-9.1.2.jar;D:\IdeaProjects\attendance-tracking-app\shared\target\classes;D:\IdeaProjects\attendance-tracking-app\client\target\classes -Djdk.module.main=org.example.client 
java_command: org.example.client/org.example.client.dashboardApplication
java_class_path (initial): C:\Users\011ko\.m2\repository\org\openjfx\javafx-controls\23.0.1\javafx-controls-23.0.1.jar;C:\Users\011ko\.m2\repository\org\openjfx\javafx-graphics\23.0.1\javafx-graphics-23.0.1.jar;C:\Users\011ko\.m2\repository\org\openjfx\javafx-base\23.0.1\javafx-base-23.0.1.jar;C:\Users\011ko\.m2\repository\org\openjfx\javafx-fxml\23.0.1\javafx-fxml-23.0.1.jar
Launcher Type: SUN_STANDARD

[Global flags]
     intx CICompilerCount                          = 3                                         {product} {ergonomic}
     uint ConcGCThreads                            = 1                                         {product} {ergonomic}
     uint G1ConcRefinementThreads                  = 4                                         {product} {ergonomic}
   size_t G1HeapRegionSize                         = 1048576                                   {product} {ergonomic}
    uintx GCDrainStackTargetSize                   = 64                                        {product} {ergonomic}
   size_t InitialHeapSize                          = 132120576                                 {product} {ergonomic}
   size_t MarkStackSize                            = 4194304                                   {product} {ergonomic}
   size_t MaxHeapSize                              = 2095054848                                {product} {ergonomic}
   size_t MaxNewSize                               = 1256194048                                {product} {ergonomic}
   size_t MinHeapDeltaBytes                        = 1048576                                   {product} {ergonomic}
   size_t MinHeapSize                              = 8388608                                   {product} {ergonomic}
    uintx NonNMethodCodeHeapSize                   = 5832780                                {pd product} {ergonomic}
    uintx NonProfiledCodeHeapSize                  = 122912730                              {pd product} {ergonomic}
    uintx ProfiledCodeHeapSize                     = 122912730                              {pd product} {ergonomic}
    uintx ReservedCodeCacheSize                    = 251658240                              {pd product} {ergonomic}
     bool SegmentedCodeCache                       = true                                      {product} {ergonomic}
   size_t SoftMaxHeapSize                          = 2095054848                             {manageable} {ergonomic}
     bool UseCompressedOops                        = true                           {product lp64_product} {ergonomic}
     bool UseG1GC                                  = true                                      {product} {ergonomic}
     bool UseLargePagesIndividualAllocation        = false                                  {pd product} {ergonomic}

Logging:
Log output configuration:
 #0: stdout all=warning uptime,level,tags foldmultilines=false
 #1: stderr all=off uptime,level,tags foldmultilines=false

Environment Variables:
PATH=C:\oraclexe\app\oracle\product\11.2.0\server\bin;;C:\Program Files\Common Files\Oracle\Java\javapath;C:\Program Files (x86)\Common Files\Oracle\Java\java8path;C:\Program Files (x86)\Common Files\Oracle\Java\javapath;C:\Windows\System32\HWAudioDriverLibs;C:\Windows\system32;C:\Windows;C:\Windows\System32\Wbem;C:\Windows\System32\WindowsPowerShell\v1.0\;C:\Windows\System32\OpenSSH\;C:\Users\Administrator\AppData\Local\Microsoft\WindowsApps;C:\WINDOWS\system32;C:\WINDOWS;C:\WINDOWS\System32\Wbem;C:\WINDOWS\System32\WindowsPowerShell\v1.0\;C:\WINDOWS\System32\OpenSSH\;C:\Program Files\nodejs\;C:\Program Files\Git\cmd;C:\Users\011ko\Documents\gradle-8.10-all\gradle-8.10\bin;C:\Program Files\AmneziaWG\;C:\Program Files\Docker\Docker\resources\bin;C:\Users\011ko\AppData\Local\Microsoft\WindowsApps;C:\Users\011ko\AppData\Local\Programs\Microsoft VS Code\bin;C:\Users\011ko\AppData\Roaming\npm;C:\Users\011ko\AppData\Local\GitHubDesktop\bin;C:\Users\011ko\Documents\gradle-8.10-all\gradle-8.10\bin;
USERNAME=011ko
OS=Windows_NT
PROCESSOR_IDENTIFIER=Intel64 Family 6 Model 140 Stepping 1, GenuineIntel
TMP=C:\Users\011ko\AppData\Local\Temp
TEMP=C:\Users\011ko\AppData\Local\Temp




Periodic native trim disabled

---------------  S Y S T E M  ---------------

OS:
 Windows 11 , 64 bit Build 22621 (10.0.22621.4391)
OS uptime: 1 days 18:56 hours
Hyper-V role detected

CPU: total 4 (initial active 4) (2 cores per cpu, 2 threads per core) family 6 model 140 stepping 1 microcode 0x8a, cx8, cmov, fxsr, ht, mmx, 3dnowpref, sse, sse2, sse3, ssse3, sse4.1, sse4.2, popcnt, lzcnt, tsc, tscinvbit, avx, avx2, aes, erms, clmul, bmi1, bmi2, adx, avx512f, avx512dq, avx512cd, avx512bw, avx512vl, sha, fma, vzeroupper, avx512_vpopcntdq, avx512_vpclmulqdq, avx512_vaes, avx512_vnni, clflush, clflushopt, clwb, avx512_vbmi2, avx512_vbmi, hv, rdtscp, rdpid, fsrm, gfni, avx512_bitalg, f16c, cet_ibt, cet_ss, avx512_ifma
Processor Information for all 4 processors :
  Max Mhz: 2995, Current Mhz: 2995, Mhz Limit: 2995

Memory: 4k page, system-wide physical 7991M (784M free)
TotalPageFile size 21377M (AvailPageFile size 4M)
current process WorkingSet (physical memory assigned to process): 184M, peak: 184M
current process commit charge ("private bytes"): 277M, peak: 277M

vm_info: Java HotSpot(TM) 64-Bit Server VM (21.0.4+8-LTS-274) for windows-amd64 JRE (21.0.4+8-LTS-274), built on 2024-06-05T05:23:33Z by "mach5one" with MS VC++ 17.6 (VS2022)

END.
